2022-05-28 18:32:01.642  INFO 4042 --- [restartedMain] com.turing.javaee.Application            : Starting Application using Java 1.8.0_271 on Thets-MBP-2.lan with PID 4042 (/Users/thetkhine/Project/Turing/Java/JavaEE4thBatch/spring-boot/target/classes started by thetkhine in /Users/thetkhine/Project/Turing/Java/JavaEE4thBatch/spring-boot)
2022-05-28 18:32:01.644  INFO 4042 --- [restartedMain] com.turing.javaee.Application            : No active profile set, falling back to 1 default profile: "default"
2022-05-28 18:32:01.691  INFO 4042 --- [restartedMain] .e.DevToolsPropertyDefaultsPostProcessor : Devtools property defaults active! Set 'spring.devtools.add-properties' to 'false' to disable
2022-05-28 18:32:01.692  INFO 4042 --- [restartedMain] .e.DevToolsPropertyDefaultsPostProcessor : For additional web related logging consider setting the 'logging.level.web' property to 'DEBUG'
2022-05-28 18:32:02.442  INFO 4042 --- [restartedMain] o.s.b.w.embedded.tomcat.TomcatWebServer  : Tomcat initialized with port(s): 8080 (http)
2022-05-28 18:32:02.449  INFO 4042 --- [restartedMain] o.apache.catalina.core.StandardService   : Starting service [Tomcat]
2022-05-28 18:32:02.450  INFO 4042 --- [restartedMain] org.apache.catalina.core.StandardEngine  : Starting Servlet engine: [Apache Tomcat/9.0.62]
2022-05-28 18:32:02.491  INFO 4042 --- [restartedMain] o.a.c.c.C.[Tomcat].[localhost].[/]       : Initializing Spring embedded WebApplicationContext
2022-05-28 18:32:02.491  INFO 4042 --- [restartedMain] w.s.c.ServletWebServerApplicationContext : Root WebApplicationContext: initialization completed in 798 ms
2022-05-28 18:32:02.858  INFO 4042 --- [restartedMain] o.s.b.d.a.OptionalLiveReloadServer       : LiveReload server is running on port 35729
2022-05-28 18:32:02.890  INFO 4042 --- [restartedMain] o.s.b.w.embedded.tomcat.TomcatWebServer  : Tomcat started on port(s): 8080 (http) with context path ''
2022-05-28 18:32:02.898  INFO 4042 --- [restartedMain] com.turing.javaee.Application            : Started Application in 1.576 seconds (JVM running for 2.253)
2022-05-28 18:44:14.196  INFO 4042 --- [http-nio-8080-exec-1] o.a.c.c.C.[Tomcat].[localhost].[/]       : Initializing Spring DispatcherServlet 'dispatcherServlet'
2022-05-28 18:44:14.197  INFO 4042 --- [http-nio-8080-exec-1] o.s.web.servlet.DispatcherServlet        : Initializing Servlet 'dispatcherServlet'
2022-05-28 18:44:14.198  INFO 4042 --- [http-nio-8080-exec-1] o.s.web.servlet.DispatcherServlet        : Completed initialization in 1 ms
2022-05-28 18:44:14.226  INFO 4042 --- [http-nio-8080-exec-1] c.t.javaee.controller.BookController     : books controller
2022-05-28 18:44:46.037  INFO 4042 --- [http-nio-8080-exec-3] c.t.javaee.controller.BookController     : books post controller
2022-05-28 18:44:46.037  INFO 4042 --- [http-nio-8080-exec-3] c.t.javaee.controller.BookController     : Book title Java Year 2019 Author James Gosling
2022-05-28 19:10:24.149  WARN 4042 --- [http-nio-8080-exec-6] .w.s.m.s.DefaultHandlerExceptionResolver : Resolved [org.springframework.validation.BindException: org.springframework.validation.BeanPropertyBindingResult: 1 errors<EOL>Field error in object 'book' on field 'year': rejected value [333Numbe]; codes [typeMismatch.book.year,typeMismatch.year,typeMismatch.java.lang.Integer,typeMismatch]; arguments [org.springframework.context.support.DefaultMessageSourceResolvable: codes [book.year,year]; arguments []; default message [year]]; default message [Failed to convert property value of type 'java.lang.String' to required type 'java.lang.Integer' for property 'year'; nested exception is java.lang.NumberFormatException: For input string: "333Numbe"]]
2022-05-28 19:19:02.106  INFO 4042 --- [restartedMain] com.turing.javaee.Application            : Starting Application using Java 1.8.0_271 on Thets-MBP-2.lan with PID 4042 (/Users/thetkhine/Project/Turing/Java/JavaEE4thBatch/spring-boot/target/classes started by thetkhine in /Users/thetkhine/Project/Turing/Java/JavaEE4thBatch/spring-boot)
2022-05-28 19:19:02.107  INFO 4042 --- [restartedMain] com.turing.javaee.Application            : No active profile set, falling back to 1 default profile: "default"
2022-05-28 19:19:02.238  INFO 4042 --- [restartedMain] o.s.b.w.embedded.tomcat.TomcatWebServer  : Tomcat initialized with port(s): 8080 (http)
2022-05-28 19:19:02.239  INFO 4042 --- [restartedMain] o.apache.catalina.core.StandardService   : Starting service [Tomcat]
2022-05-28 19:19:02.239  INFO 4042 --- [restartedMain] org.apache.catalina.core.StandardEngine  : Starting Servlet engine: [Apache Tomcat/9.0.62]
2022-05-28 19:19:02.243  INFO 4042 --- [restartedMain] o.a.c.c.C.[Tomcat].[localhost].[/]       : Initializing Spring embedded WebApplicationContext
2022-05-28 19:19:02.243  INFO 4042 --- [restartedMain] w.s.c.ServletWebServerApplicationContext : Root WebApplicationContext: initialization completed in 135 ms
2022-05-28 19:19:02.303  INFO 4042 --- [restartedMain] o.s.b.d.a.OptionalLiveReloadServer       : LiveReload server is running on port 35729
2022-05-28 19:19:02.311  INFO 4042 --- [restartedMain] o.s.b.w.embedded.tomcat.TomcatWebServer  : Tomcat started on port(s): 8080 (http) with context path ''
2022-05-28 19:19:02.315  INFO 4042 --- [restartedMain] com.turing.javaee.Application            : Started Application in 0.229 seconds (JVM running for 2821.626)
2022-05-28 19:19:02.317  INFO 4042 --- [restartedMain] .ConditionEvaluationDeltaLoggingListener : Condition evaluation unchanged
2022-05-28 19:20:58.861  INFO 4042 --- [restartedMain] com.turing.javaee.Application            : Starting Application using Java 1.8.0_271 on Thets-MBP-2.lan with PID 4042 (/Users/thetkhine/Project/Turing/Java/JavaEE4thBatch/spring-boot/target/classes started by thetkhine in /Users/thetkhine/Project/Turing/Java/JavaEE4thBatch/spring-boot)
2022-05-28 19:20:58.862  INFO 4042 --- [restartedMain] com.turing.javaee.Application            : No active profile set, falling back to 1 default profile: "default"
2022-05-28 19:20:58.987  INFO 4042 --- [restartedMain] o.s.b.w.embedded.tomcat.TomcatWebServer  : Tomcat initialized with port(s): 8080 (http)
2022-05-28 19:20:58.988  INFO 4042 --- [restartedMain] o.apache.catalina.core.StandardService   : Starting service [Tomcat]
2022-05-28 19:20:58.988  INFO 4042 --- [restartedMain] org.apache.catalina.core.StandardEngine  : Starting Servlet engine: [Apache Tomcat/9.0.62]
2022-05-28 19:20:58.992  INFO 4042 --- [restartedMain] o.a.c.c.C.[Tomcat].[localhost].[/]       : Initializing Spring embedded WebApplicationContext
2022-05-28 19:20:58.993  INFO 4042 --- [restartedMain] w.s.c.ServletWebServerApplicationContext : Root WebApplicationContext: initialization completed in 130 ms
2022-05-28 19:20:59.059  INFO 4042 --- [restartedMain] o.s.b.d.a.OptionalLiveReloadServer       : LiveReload server is running on port 35729
2022-05-28 19:20:59.067  INFO 4042 --- [restartedMain] o.s.b.w.embedded.tomcat.TomcatWebServer  : Tomcat started on port(s): 8080 (http) with context path ''
2022-05-28 19:20:59.072  INFO 4042 --- [restartedMain] com.turing.javaee.Application            : Started Application in 0.229 seconds (JVM running for 2938.381)
2022-05-28 19:20:59.074  INFO 4042 --- [restartedMain] .ConditionEvaluationDeltaLoggingListener : Condition evaluation unchanged
2022-05-28 19:21:44.973  INFO 4042 --- [restartedMain] com.turing.javaee.Application            : Starting Application using Java 1.8.0_271 on Thets-MBP-2.lan with PID 4042 (/Users/thetkhine/Project/Turing/Java/JavaEE4thBatch/spring-boot/target/classes started by thetkhine in /Users/thetkhine/Project/Turing/Java/JavaEE4thBatch/spring-boot)
2022-05-28 19:21:44.973  INFO 4042 --- [restartedMain] com.turing.javaee.Application            : No active profile set, falling back to 1 default profile: "default"
2022-05-28 19:21:45.086  INFO 4042 --- [restartedMain] o.s.b.w.embedded.tomcat.TomcatWebServer  : Tomcat initialized with port(s): 8080 (http)
2022-05-28 19:21:45.087  INFO 4042 --- [restartedMain] o.apache.catalina.core.StandardService   : Starting service [Tomcat]
2022-05-28 19:21:45.087  INFO 4042 --- [restartedMain] org.apache.catalina.core.StandardEngine  : Starting Servlet engine: [Apache Tomcat/9.0.62]
2022-05-28 19:21:45.092  INFO 4042 --- [restartedMain] o.a.c.c.C.[Tomcat].[localhost].[/]       : Initializing Spring embedded WebApplicationContext
2022-05-28 19:21:45.092  INFO 4042 --- [restartedMain] w.s.c.ServletWebServerApplicationContext : Root WebApplicationContext: initialization completed in 118 ms
2022-05-28 19:21:45.157  INFO 4042 --- [restartedMain] o.s.b.d.a.OptionalLiveReloadServer       : LiveReload server is running on port 35729
2022-05-28 19:21:45.165  INFO 4042 --- [restartedMain] o.s.b.w.embedded.tomcat.TomcatWebServer  : Tomcat started on port(s): 8080 (http) with context path ''
2022-05-28 19:21:45.170  INFO 4042 --- [restartedMain] com.turing.javaee.Application            : Started Application in 0.214 seconds (JVM running for 2984.478)
2022-05-28 19:21:45.172  INFO 4042 --- [restartedMain] .ConditionEvaluationDeltaLoggingListener : Condition evaluation unchanged
2022-05-28 19:23:13.458  INFO 4042 --- [restartedMain] com.turing.javaee.Application            : Starting Application using Java 1.8.0_271 on Thets-MBP-2.lan with PID 4042 (/Users/thetkhine/Project/Turing/Java/JavaEE4thBatch/spring-boot/target/classes started by thetkhine in /Users/thetkhine/Project/Turing/Java/JavaEE4thBatch/spring-boot)
2022-05-28 19:23:13.459  INFO 4042 --- [restartedMain] com.turing.javaee.Application            : No active profile set, falling back to 1 default profile: "default"
2022-05-28 19:23:13.571  INFO 4042 --- [restartedMain] o.s.b.w.embedded.tomcat.TomcatWebServer  : Tomcat initialized with port(s): 8080 (http)
2022-05-28 19:23:13.571  INFO 4042 --- [restartedMain] o.apache.catalina.core.StandardService   : Starting service [Tomcat]
2022-05-28 19:23:13.572  INFO 4042 --- [restartedMain] org.apache.catalina.core.StandardEngine  : Starting Servlet engine: [Apache Tomcat/9.0.62]
2022-05-28 19:23:13.581  INFO 4042 --- [restartedMain] o.a.c.c.C.[Tomcat].[localhost].[/]       : Initializing Spring embedded WebApplicationContext
2022-05-28 19:23:13.582  INFO 4042 --- [restartedMain] w.s.c.ServletWebServerApplicationContext : Root WebApplicationContext: initialization completed in 122 ms
2022-05-28 19:23:13.648  INFO 4042 --- [restartedMain] o.s.b.d.a.OptionalLiveReloadServer       : LiveReload server is running on port 35729
2022-05-28 19:23:13.656  INFO 4042 --- [restartedMain] o.s.b.w.embedded.tomcat.TomcatWebServer  : Tomcat started on port(s): 8080 (http) with context path ''
2022-05-28 19:23:13.661  INFO 4042 --- [restartedMain] com.turing.javaee.Application            : Started Application in 0.239 seconds (JVM running for 3072.968)
2022-05-28 19:23:13.664  INFO 4042 --- [restartedMain] .ConditionEvaluationDeltaLoggingListener : Condition evaluation unchanged
2022-05-28 19:23:17.174  INFO 4042 --- [restartedMain] com.turing.javaee.Application            : Starting Application using Java 1.8.0_271 on Thets-MBP-2.lan with PID 4042 (/Users/thetkhine/Project/Turing/Java/JavaEE4thBatch/spring-boot/target/classes started by thetkhine in /Users/thetkhine/Project/Turing/Java/JavaEE4thBatch/spring-boot)
2022-05-28 19:23:17.174  INFO 4042 --- [restartedMain] com.turing.javaee.Application            : No active profile set, falling back to 1 default profile: "default"
2022-05-28 19:23:17.301  INFO 4042 --- [restartedMain] o.s.b.w.embedded.tomcat.TomcatWebServer  : Tomcat initialized with port(s): 8080 (http)
2022-05-28 19:23:17.301  INFO 4042 --- [restartedMain] o.apache.catalina.core.StandardService   : Starting service [Tomcat]
2022-05-28 19:23:17.302  INFO 4042 --- [restartedMain] org.apache.catalina.core.StandardEngine  : Starting Servlet engine: [Apache Tomcat/9.0.62]
2022-05-28 19:23:17.306  INFO 4042 --- [restartedMain] o.a.c.c.C.[Tomcat].[localhost].[/]       : Initializing Spring embedded WebApplicationContext
2022-05-28 19:23:17.306  INFO 4042 --- [restartedMain] w.s.c.ServletWebServerApplicationContext : Root WebApplicationContext: initialization completed in 130 ms
2022-05-28 19:23:17.363  INFO 4042 --- [restartedMain] o.s.b.d.a.OptionalLiveReloadServer       : LiveReload server is running on port 35729
2022-05-28 19:23:17.370  INFO 4042 --- [restartedMain] o.s.b.w.embedded.tomcat.TomcatWebServer  : Tomcat started on port(s): 8080 (http) with context path ''
2022-05-28 19:23:17.377  INFO 4042 --- [restartedMain] com.turing.javaee.Application            : Started Application in 0.221 seconds (JVM running for 3076.683)
2022-05-28 19:23:17.378  INFO 4042 --- [restartedMain] .ConditionEvaluationDeltaLoggingListener : Condition evaluation unchanged
2022-05-28 19:23:24.897  INFO 4042 --- [restartedMain] com.turing.javaee.Application            : Starting Application using Java 1.8.0_271 on Thets-MBP-2.lan with PID 4042 (/Users/thetkhine/Project/Turing/Java/JavaEE4thBatch/spring-boot/target/classes started by thetkhine in /Users/thetkhine/Project/Turing/Java/JavaEE4thBatch/spring-boot)
2022-05-28 19:23:24.897  INFO 4042 --- [restartedMain] com.turing.javaee.Application            : No active profile set, falling back to 1 default profile: "default"
2022-05-28 19:23:24.995  INFO 4042 --- [restartedMain] o.s.b.w.embedded.tomcat.TomcatWebServer  : Tomcat initialized with port(s): 8080 (http)
2022-05-28 19:23:24.996  INFO 4042 --- [restartedMain] o.apache.catalina.core.StandardService   : Starting service [Tomcat]
2022-05-28 19:23:24.996  INFO 4042 --- [restartedMain] org.apache.catalina.core.StandardEngine  : Starting Servlet engine: [Apache Tomcat/9.0.62]
2022-05-28 19:23:25.000  INFO 4042 --- [restartedMain] o.a.c.c.C.[Tomcat].[localhost].[/]       : Initializing Spring embedded WebApplicationContext
2022-05-28 19:23:25.000  INFO 4042 --- [restartedMain] w.s.c.ServletWebServerApplicationContext : Root WebApplicationContext: initialization completed in 102 ms
2022-05-28 19:23:25.055  INFO 4042 --- [restartedMain] o.s.b.d.a.OptionalLiveReloadServer       : LiveReload server is running on port 35729
2022-05-28 19:23:25.065  INFO 4042 --- [restartedMain] o.s.b.w.embedded.tomcat.TomcatWebServer  : Tomcat started on port(s): 8080 (http) with context path ''
2022-05-28 19:23:25.070  INFO 4042 --- [restartedMain] com.turing.javaee.Application            : Started Application in 0.188 seconds (JVM running for 3084.377)
2022-05-28 19:23:25.072  INFO 4042 --- [restartedMain] .ConditionEvaluationDeltaLoggingListener : Condition evaluation unchanged
2022-05-28 19:24:04.933  INFO 4042 --- [restartedMain] com.turing.javaee.Application            : Starting Application using Java 1.8.0_271 on Thets-MBP-2.lan with PID 4042 (/Users/thetkhine/Project/Turing/Java/JavaEE4thBatch/spring-boot/target/classes started by thetkhine in /Users/thetkhine/Project/Turing/Java/JavaEE4thBatch/spring-boot)
2022-05-28 19:24:04.934  INFO 4042 --- [restartedMain] com.turing.javaee.Application            : No active profile set, falling back to 1 default profile: "default"
2022-05-28 19:24:05.141  INFO 4042 --- [restartedMain] o.s.b.w.embedded.tomcat.TomcatWebServer  : Tomcat initialized with port(s): 8080 (http)
2022-05-28 19:24:05.142  INFO 4042 --- [restartedMain] o.apache.catalina.core.StandardService   : Starting service [Tomcat]
2022-05-28 19:24:05.142  INFO 4042 --- [restartedMain] org.apache.catalina.core.StandardEngine  : Starting Servlet engine: [Apache Tomcat/9.0.62]
2022-05-28 19:24:05.150  INFO 4042 --- [restartedMain] o.a.c.c.C.[Tomcat].[localhost].[/]       : Initializing Spring embedded WebApplicationContext
2022-05-28 19:24:05.150  INFO 4042 --- [restartedMain] w.s.c.ServletWebServerApplicationContext : Root WebApplicationContext: initialization completed in 215 ms
2022-05-28 19:24:05.224  INFO 4042 --- [restartedMain] o.s.b.d.a.OptionalLiveReloadServer       : LiveReload server is running on port 35729
2022-05-28 19:24:05.236  INFO 4042 --- [restartedMain] o.s.b.w.embedded.tomcat.TomcatWebServer  : Tomcat started on port(s): 8080 (http) with context path ''
2022-05-28 19:24:05.245  INFO 4042 --- [restartedMain] com.turing.javaee.Application            : Started Application in 0.333 seconds (JVM running for 3124.55)
2022-05-28 19:24:05.247  INFO 4042 --- [restartedMain] .ConditionEvaluationDeltaLoggingListener : Condition evaluation unchanged
2022-05-28 19:24:16.836  INFO 4042 --- [restartedMain] com.turing.javaee.Application            : Starting Application using Java 1.8.0_271 on Thets-MBP-2.lan with PID 4042 (/Users/thetkhine/Project/Turing/Java/JavaEE4thBatch/spring-boot/target/classes started by thetkhine in /Users/thetkhine/Project/Turing/Java/JavaEE4thBatch/spring-boot)
2022-05-28 19:24:16.837  INFO 4042 --- [restartedMain] com.turing.javaee.Application            : No active profile set, falling back to 1 default profile: "default"
2022-05-28 19:24:16.959  INFO 4042 --- [restartedMain] o.s.b.w.embedded.tomcat.TomcatWebServer  : Tomcat initialized with port(s): 8080 (http)
2022-05-28 19:24:16.960  INFO 4042 --- [restartedMain] o.apache.catalina.core.StandardService   : Starting service [Tomcat]
2022-05-28 19:24:16.960  INFO 4042 --- [restartedMain] org.apache.catalina.core.StandardEngine  : Starting Servlet engine: [Apache Tomcat/9.0.62]
2022-05-28 19:24:16.964  INFO 4042 --- [restartedMain] o.a.c.c.C.[Tomcat].[localhost].[/]       : Initializing Spring embedded WebApplicationContext
2022-05-28 19:24:16.964  INFO 4042 --- [restartedMain] w.s.c.ServletWebServerApplicationContext : Root WebApplicationContext: initialization completed in 126 ms
2022-05-28 19:24:17.027  INFO 4042 --- [restartedMain] o.s.b.d.a.OptionalLiveReloadServer       : LiveReload server is running on port 35729
2022-05-28 19:24:17.034  INFO 4042 --- [restartedMain] o.s.b.w.embedded.tomcat.TomcatWebServer  : Tomcat started on port(s): 8080 (http) with context path ''
2022-05-28 19:24:17.038  INFO 4042 --- [restartedMain] com.turing.javaee.Application            : Started Application in 0.219 seconds (JVM running for 3136.344)
2022-05-28 19:24:17.041  INFO 4042 --- [restartedMain] .ConditionEvaluationDeltaLoggingListener : Condition evaluation unchanged
2022-05-28 19:24:25.601  INFO 4042 --- [restartedMain] com.turing.javaee.Application            : Starting Application using Java 1.8.0_271 on Thets-MBP-2.lan with PID 4042 (/Users/thetkhine/Project/Turing/Java/JavaEE4thBatch/spring-boot/target/classes started by thetkhine in /Users/thetkhine/Project/Turing/Java/JavaEE4thBatch/spring-boot)
2022-05-28 19:24:25.602  INFO 4042 --- [restartedMain] com.turing.javaee.Application            : No active profile set, falling back to 1 default profile: "default"
2022-05-28 19:24:25.740  INFO 4042 --- [restartedMain] o.s.b.w.embedded.tomcat.TomcatWebServer  : Tomcat initialized with port(s): 8080 (http)
2022-05-28 19:24:25.740  INFO 4042 --- [restartedMain] o.apache.catalina.core.StandardService   : Starting service [Tomcat]
2022-05-28 19:24:25.740  INFO 4042 --- [restartedMain] org.apache.catalina.core.StandardEngine  : Starting Servlet engine: [Apache Tomcat/9.0.62]
2022-05-28 19:24:25.750  INFO 4042 --- [restartedMain] o.a.c.c.C.[Tomcat].[localhost].[/]       : Initializing Spring embedded WebApplicationContext
2022-05-28 19:24:25.751  INFO 4042 --- [restartedMain] w.s.c.ServletWebServerApplicationContext : Root WebApplicationContext: initialization completed in 148 ms
2022-05-28 19:24:25.828  INFO 4042 --- [restartedMain] o.s.b.d.a.OptionalLiveReloadServer       : LiveReload server is running on port 35729
2022-05-28 19:24:25.836  INFO 4042 --- [restartedMain] o.s.b.w.embedded.tomcat.TomcatWebServer  : Tomcat started on port(s): 8080 (http) with context path ''
2022-05-28 19:24:25.842  INFO 4042 --- [restartedMain] com.turing.javaee.Application            : Started Application in 0.28 seconds (JVM running for 3145.147)
2022-05-28 19:24:25.844  INFO 4042 --- [restartedMain] .ConditionEvaluationDeltaLoggingListener : Condition evaluation unchanged
2022-05-28 19:25:29.871  INFO 4042 --- [restartedMain] com.turing.javaee.Application            : Starting Application using Java 1.8.0_271 on Thets-MBP-2.lan with PID 4042 (/Users/thetkhine/Project/Turing/Java/JavaEE4thBatch/spring-boot/target/classes started by thetkhine in /Users/thetkhine/Project/Turing/Java/JavaEE4thBatch/spring-boot)
2022-05-28 19:25:29.871  INFO 4042 --- [restartedMain] com.turing.javaee.Application            : No active profile set, falling back to 1 default profile: "default"
2022-05-28 19:25:30.009  INFO 4042 --- [restartedMain] o.s.b.w.embedded.tomcat.TomcatWebServer  : Tomcat initialized with port(s): 8080 (http)
2022-05-28 19:25:30.010  INFO 4042 --- [restartedMain] o.apache.catalina.core.StandardService   : Starting service [Tomcat]
2022-05-28 19:25:30.011  INFO 4042 --- [restartedMain] org.apache.catalina.core.StandardEngine  : Starting Servlet engine: [Apache Tomcat/9.0.62]
2022-05-28 19:25:30.017  INFO 4042 --- [restartedMain] o.a.c.c.C.[Tomcat].[localhost].[/]       : Initializing Spring embedded WebApplicationContext
2022-05-28 19:25:30.017  INFO 4042 --- [restartedMain] w.s.c.ServletWebServerApplicationContext : Root WebApplicationContext: initialization completed in 144 ms
2022-05-28 19:25:30.083  INFO 4042 --- [restartedMain] o.s.b.d.a.OptionalLiveReloadServer       : LiveReload server is running on port 35729
2022-05-28 19:25:30.092  INFO 4042 --- [restartedMain] o.s.b.w.embedded.tomcat.TomcatWebServer  : Tomcat started on port(s): 8080 (http) with context path ''
2022-05-28 19:25:30.096  INFO 4042 --- [restartedMain] com.turing.javaee.Application            : Started Application in 0.249 seconds (JVM running for 3209.4)
2022-05-28 19:25:30.098  INFO 4042 --- [restartedMain] .ConditionEvaluationDeltaLoggingListener : Condition evaluation unchanged
2022-05-28 19:25:35.620  INFO 4042 --- [restartedMain] com.turing.javaee.Application            : Starting Application using Java 1.8.0_271 on Thets-MBP-2.lan with PID 4042 (/Users/thetkhine/Project/Turing/Java/JavaEE4thBatch/spring-boot/target/classes started by thetkhine in /Users/thetkhine/Project/Turing/Java/JavaEE4thBatch/spring-boot)
2022-05-28 19:25:35.620  INFO 4042 --- [restartedMain] com.turing.javaee.Application            : No active profile set, falling back to 1 default profile: "default"
2022-05-28 19:25:35.747  INFO 4042 --- [restartedMain] o.s.b.w.embedded.tomcat.TomcatWebServer  : Tomcat initialized with port(s): 8080 (http)
2022-05-28 19:25:35.747  INFO 4042 --- [restartedMain] o.apache.catalina.core.StandardService   : Starting service [Tomcat]
2022-05-28 19:25:35.748  INFO 4042 --- [restartedMain] org.apache.catalina.core.StandardEngine  : Starting Servlet engine: [Apache Tomcat/9.0.62]
2022-05-28 19:25:35.752  INFO 4042 --- [restartedMain] o.a.c.c.C.[Tomcat].[localhost].[/]       : Initializing Spring embedded WebApplicationContext
2022-05-28 19:25:35.752  INFO 4042 --- [restartedMain] w.s.c.ServletWebServerApplicationContext : Root WebApplicationContext: initialization completed in 131 ms
2022-05-28 19:25:35.814  INFO 4042 --- [restartedMain] o.s.b.d.a.OptionalLiveReloadServer       : LiveReload server is running on port 35729
2022-05-28 19:25:35.822  INFO 4042 --- [restartedMain] o.s.b.w.embedded.tomcat.TomcatWebServer  : Tomcat started on port(s): 8080 (http) with context path ''
2022-05-28 19:25:35.827  INFO 4042 --- [restartedMain] com.turing.javaee.Application            : Started Application in 0.225 seconds (JVM running for 3215.131)
2022-05-28 19:25:35.829  INFO 4042 --- [restartedMain] .ConditionEvaluationDeltaLoggingListener : Condition evaluation unchanged
2022-05-28 19:26:12.656  INFO 4042 --- [restartedMain] com.turing.javaee.Application            : Starting Application using Java 1.8.0_271 on Thets-MBP-2.lan with PID 4042 (/Users/thetkhine/Project/Turing/Java/JavaEE4thBatch/spring-boot/target/classes started by thetkhine in /Users/thetkhine/Project/Turing/Java/JavaEE4thBatch/spring-boot)
2022-05-28 19:26:12.658  INFO 4042 --- [restartedMain] com.turing.javaee.Application            : No active profile set, falling back to 1 default profile: "default"
2022-05-28 19:26:12.796  INFO 4042 --- [restartedMain] o.s.b.w.embedded.tomcat.TomcatWebServer  : Tomcat initialized with port(s): 8080 (http)
2022-05-28 19:26:12.797  INFO 4042 --- [restartedMain] o.apache.catalina.core.StandardService   : Starting service [Tomcat]
2022-05-28 19:26:12.797  INFO 4042 --- [restartedMain] org.apache.catalina.core.StandardEngine  : Starting Servlet engine: [Apache Tomcat/9.0.62]
2022-05-28 19:26:12.808  INFO 4042 --- [restartedMain] o.a.c.c.C.[Tomcat].[localhost].[/]       : Initializing Spring embedded WebApplicationContext
2022-05-28 19:26:12.809  INFO 4042 --- [restartedMain] w.s.c.ServletWebServerApplicationContext : Root WebApplicationContext: initialization completed in 150 ms
2022-05-28 19:26:12.897  INFO 4042 --- [restartedMain] o.s.b.d.a.OptionalLiveReloadServer       : LiveReload server is running on port 35729
2022-05-28 19:26:12.906  INFO 4042 --- [restartedMain] o.s.b.w.embedded.tomcat.TomcatWebServer  : Tomcat started on port(s): 8080 (http) with context path ''
2022-05-28 19:26:12.911  INFO 4042 --- [restartedMain] com.turing.javaee.Application            : Started Application in 0.292 seconds (JVM running for 3252.214)
2022-05-28 19:26:12.913  INFO 4042 --- [restartedMain] .ConditionEvaluationDeltaLoggingListener : Condition evaluation unchanged
2022-05-28 19:26:23.449  INFO 4042 --- [restartedMain] com.turing.javaee.Application            : Starting Application using Java 1.8.0_271 on Thets-MBP-2.lan with PID 4042 (/Users/thetkhine/Project/Turing/Java/JavaEE4thBatch/spring-boot/target/classes started by thetkhine in /Users/thetkhine/Project/Turing/Java/JavaEE4thBatch/spring-boot)
2022-05-28 19:26:23.449  INFO 4042 --- [restartedMain] com.turing.javaee.Application            : No active profile set, falling back to 1 default profile: "default"
2022-05-28 19:26:23.584  INFO 4042 --- [restartedMain] o.s.b.w.embedded.tomcat.TomcatWebServer  : Tomcat initialized with port(s): 8080 (http)
2022-05-28 19:26:23.584  INFO 4042 --- [restartedMain] o.apache.catalina.core.StandardService   : Starting service [Tomcat]
2022-05-28 19:26:23.585  INFO 4042 --- [restartedMain] org.apache.catalina.core.StandardEngine  : Starting Servlet engine: [Apache Tomcat/9.0.62]
2022-05-28 19:26:23.592  INFO 4042 --- [restartedMain] o.a.c.c.C.[Tomcat].[localhost].[/]       : Initializing Spring embedded WebApplicationContext
2022-05-28 19:26:23.592  INFO 4042 --- [restartedMain] w.s.c.ServletWebServerApplicationContext : Root WebApplicationContext: initialization completed in 141 ms
2022-05-28 19:26:23.661  INFO 4042 --- [restartedMain] o.s.b.d.a.OptionalLiveReloadServer       : LiveReload server is running on port 35729
2022-05-28 19:26:23.669  INFO 4042 --- [restartedMain] o.s.b.w.embedded.tomcat.TomcatWebServer  : Tomcat started on port(s): 8080 (http) with context path ''
2022-05-28 19:26:23.675  INFO 4042 --- [restartedMain] com.turing.javaee.Application            : Started Application in 0.244 seconds (JVM running for 3262.977)
2022-05-28 19:26:23.676  INFO 4042 --- [restartedMain] .ConditionEvaluationDeltaLoggingListener : Condition evaluation unchanged
2022-05-28 19:26:36.260  INFO 4042 --- [restartedMain] com.turing.javaee.Application            : Starting Application using Java 1.8.0_271 on Thets-MBP-2.lan with PID 4042 (/Users/thetkhine/Project/Turing/Java/JavaEE4thBatch/spring-boot/target/classes started by thetkhine in /Users/thetkhine/Project/Turing/Java/JavaEE4thBatch/spring-boot)
2022-05-28 19:26:36.260  INFO 4042 --- [restartedMain] com.turing.javaee.Application            : No active profile set, falling back to 1 default profile: "default"
2022-05-28 19:26:36.399  INFO 4042 --- [restartedMain] o.s.b.w.embedded.tomcat.TomcatWebServer  : Tomcat initialized with port(s): 8080 (http)
2022-05-28 19:26:36.400  INFO 4042 --- [restartedMain] o.apache.catalina.core.StandardService   : Starting service [Tomcat]
2022-05-28 19:26:36.400  INFO 4042 --- [restartedMain] org.apache.catalina.core.StandardEngine  : Starting Servlet engine: [Apache Tomcat/9.0.62]
2022-05-28 19:26:36.405  INFO 4042 --- [restartedMain] o.a.c.c.C.[Tomcat].[localhost].[/]       : Initializing Spring embedded WebApplicationContext
2022-05-28 19:26:36.406  INFO 4042 --- [restartedMain] w.s.c.ServletWebServerApplicationContext : Root WebApplicationContext: initialization completed in 144 ms
2022-05-28 19:26:36.465  INFO 4042 --- [restartedMain] o.s.b.d.a.OptionalLiveReloadServer       : LiveReload server is running on port 35729
2022-05-28 19:26:36.472  INFO 4042 --- [restartedMain] o.s.b.w.embedded.tomcat.TomcatWebServer  : Tomcat started on port(s): 8080 (http) with context path ''
2022-05-28 19:26:36.477  INFO 4042 --- [restartedMain] com.turing.javaee.Application            : Started Application in 0.255 seconds (JVM running for 3275.779)
2022-05-28 19:26:36.479  INFO 4042 --- [restartedMain] .ConditionEvaluationDeltaLoggingListener : Condition evaluation unchanged
2022-05-28 19:26:45.046  INFO 4042 --- [restartedMain] com.turing.javaee.Application            : Starting Application using Java 1.8.0_271 on Thets-MBP-2.lan with PID 4042 (/Users/thetkhine/Project/Turing/Java/JavaEE4thBatch/spring-boot/target/classes started by thetkhine in /Users/thetkhine/Project/Turing/Java/JavaEE4thBatch/spring-boot)
2022-05-28 19:26:45.046  INFO 4042 --- [restartedMain] com.turing.javaee.Application            : No active profile set, falling back to 1 default profile: "default"
2022-05-28 19:26:45.195  INFO 4042 --- [restartedMain] o.s.b.w.embedded.tomcat.TomcatWebServer  : Tomcat initialized with port(s): 8080 (http)
2022-05-28 19:26:45.196  INFO 4042 --- [restartedMain] o.apache.catalina.core.StandardService   : Starting service [Tomcat]
2022-05-28 19:26:45.196  INFO 4042 --- [restartedMain] org.apache.catalina.core.StandardEngine  : Starting Servlet engine: [Apache Tomcat/9.0.62]
2022-05-28 19:26:45.201  INFO 4042 --- [restartedMain] o.a.c.c.C.[Tomcat].[localhost].[/]       : Initializing Spring embedded WebApplicationContext
2022-05-28 19:26:45.201  INFO 4042 --- [restartedMain] w.s.c.ServletWebServerApplicationContext : Root WebApplicationContext: initialization completed in 153 ms
2022-05-28 19:26:45.291  INFO 4042 --- [restartedMain] o.s.b.d.a.OptionalLiveReloadServer       : LiveReload server is running on port 35729
2022-05-28 19:26:45.300  INFO 4042 --- [restartedMain] o.s.b.w.embedded.tomcat.TomcatWebServer  : Tomcat started on port(s): 8080 (http) with context path ''
2022-05-28 19:26:45.304  INFO 4042 --- [restartedMain] com.turing.javaee.Application            : Started Application in 0.279 seconds (JVM running for 3284.606)
2022-05-28 19:26:45.306  INFO 4042 --- [restartedMain] .ConditionEvaluationDeltaLoggingListener : Condition evaluation unchanged
2022-05-28 19:26:52.331  INFO 4042 --- [http-nio-8080-exec-1] o.a.c.c.C.[Tomcat].[localhost].[/]       : Initializing Spring DispatcherServlet 'dispatcherServlet'
2022-05-28 19:26:52.332  INFO 4042 --- [http-nio-8080-exec-1] o.s.web.servlet.DispatcherServlet        : Initializing Servlet 'dispatcherServlet'
2022-05-28 19:26:52.333  INFO 4042 --- [http-nio-8080-exec-1] o.s.web.servlet.DispatcherServlet        : Completed initialization in 1 ms
2022-05-28 19:26:52.335  INFO 4042 --- [http-nio-8080-exec-1] c.t.javaee.controller.BookController     : books controller
2022-05-28 19:26:54.480  INFO 4042 --- [http-nio-8080-exec-2] c.t.javaee.controller.BookController     : books post controller
2022-05-28 19:26:54.480  INFO 4042 --- [http-nio-8080-exec-2] c.t.javaee.controller.BookController     : Book title Java Year null Author 
2022-05-28 19:26:59.521  INFO 4042 --- [http-nio-8080-exec-3] c.t.javaee.controller.BookController     : books post controller
2022-05-28 19:26:59.521  INFO 4042 --- [http-nio-8080-exec-3] c.t.javaee.controller.BookController     : Book title Java Year null Author ee
2022-05-28 19:27:13.081  INFO 4042 --- [restartedMain] com.turing.javaee.Application            : Starting Application using Java 1.8.0_271 on Thets-MBP-2.lan with PID 4042 (/Users/thetkhine/Project/Turing/Java/JavaEE4thBatch/spring-boot/target/classes started by thetkhine in /Users/thetkhine/Project/Turing/Java/JavaEE4thBatch/spring-boot)
2022-05-28 19:27:13.081  INFO 4042 --- [restartedMain] com.turing.javaee.Application            : No active profile set, falling back to 1 default profile: "default"
2022-05-28 19:27:13.212  INFO 4042 --- [restartedMain] o.s.b.w.embedded.tomcat.TomcatWebServer  : Tomcat initialized with port(s): 8080 (http)
2022-05-28 19:27:13.212  INFO 4042 --- [restartedMain] o.apache.catalina.core.StandardService   : Starting service [Tomcat]
2022-05-28 19:27:13.212  INFO 4042 --- [restartedMain] org.apache.catalina.core.StandardEngine  : Starting Servlet engine: [Apache Tomcat/9.0.62]
2022-05-28 19:27:13.219  INFO 4042 --- [restartedMain] o.a.c.c.C.[Tomcat].[localhost].[/]       : Initializing Spring embedded WebApplicationContext
2022-05-28 19:27:13.219  INFO 4042 --- [restartedMain] w.s.c.ServletWebServerApplicationContext : Root WebApplicationContext: initialization completed in 136 ms
2022-05-28 19:27:13.292  INFO 4042 --- [restartedMain] o.s.b.d.a.OptionalLiveReloadServer       : LiveReload server is running on port 35729
2022-05-28 19:27:13.306  INFO 4042 --- [restartedMain] o.s.b.w.embedded.tomcat.TomcatWebServer  : Tomcat started on port(s): 8080 (http) with context path ''
2022-05-28 19:27:13.311  INFO 4042 --- [restartedMain] com.turing.javaee.Application            : Started Application in 0.251 seconds (JVM running for 3312.613)
2022-05-28 19:27:13.314  INFO 4042 --- [restartedMain] .ConditionEvaluationDeltaLoggingListener : Condition evaluation unchanged
2022-05-28 19:27:21.841  INFO 4042 --- [restartedMain] com.turing.javaee.Application            : Starting Application using Java 1.8.0_271 on Thets-MBP-2.lan with PID 4042 (/Users/thetkhine/Project/Turing/Java/JavaEE4thBatch/spring-boot/target/classes started by thetkhine in /Users/thetkhine/Project/Turing/Java/JavaEE4thBatch/spring-boot)
2022-05-28 19:27:21.842  INFO 4042 --- [restartedMain] com.turing.javaee.Application            : No active profile set, falling back to 1 default profile: "default"
2022-05-28 19:27:21.965  INFO 4042 --- [restartedMain] o.s.b.w.embedded.tomcat.TomcatWebServer  : Tomcat initialized with port(s): 8080 (http)
2022-05-28 19:27:21.965  INFO 4042 --- [restartedMain] o.apache.catalina.core.StandardService   : Starting service [Tomcat]
2022-05-28 19:27:21.966  INFO 4042 --- [restartedMain] org.apache.catalina.core.StandardEngine  : Starting Servlet engine: [Apache Tomcat/9.0.62]
2022-05-28 19:27:21.969  INFO 4042 --- [restartedMain] o.a.c.c.C.[Tomcat].[localhost].[/]       : Initializing Spring embedded WebApplicationContext
2022-05-28 19:27:21.970  INFO 4042 --- [restartedMain] w.s.c.ServletWebServerApplicationContext : Root WebApplicationContext: initialization completed in 127 ms
2022-05-28 19:27:22.021  INFO 4042 --- [restartedMain] o.s.b.d.a.OptionalLiveReloadServer       : LiveReload server is running on port 35729
2022-05-28 19:27:22.029  INFO 4042 --- [restartedMain] o.s.b.w.embedded.tomcat.TomcatWebServer  : Tomcat started on port(s): 8080 (http) with context path ''
2022-05-28 19:27:22.035  INFO 4042 --- [restartedMain] com.turing.javaee.Application            : Started Application in 0.211 seconds (JVM running for 3321.336)
2022-05-28 19:27:22.037  INFO 4042 --- [restartedMain] .ConditionEvaluationDeltaLoggingListener : Condition evaluation unchanged
2022-05-28 19:27:26.530  INFO 4042 --- [restartedMain] com.turing.javaee.Application            : Starting Application using Java 1.8.0_271 on Thets-MBP-2.lan with PID 4042 (/Users/thetkhine/Project/Turing/Java/JavaEE4thBatch/spring-boot/target/classes started by thetkhine in /Users/thetkhine/Project/Turing/Java/JavaEE4thBatch/spring-boot)
2022-05-28 19:27:26.531  INFO 4042 --- [restartedMain] com.turing.javaee.Application            : No active profile set, falling back to 1 default profile: "default"
2022-05-28 19:27:26.688  INFO 4042 --- [restartedMain] o.s.b.w.embedded.tomcat.TomcatWebServer  : Tomcat initialized with port(s): 8080 (http)
2022-05-28 19:27:26.688  INFO 4042 --- [restartedMain] o.apache.catalina.core.StandardService   : Starting service [Tomcat]
2022-05-28 19:27:26.688  INFO 4042 --- [restartedMain] org.apache.catalina.core.StandardEngine  : Starting Servlet engine: [Apache Tomcat/9.0.62]
2022-05-28 19:27:26.694  INFO 4042 --- [restartedMain] o.a.c.c.C.[Tomcat].[localhost].[/]       : Initializing Spring embedded WebApplicationContext
2022-05-28 19:27:26.694  INFO 4042 --- [restartedMain] w.s.c.ServletWebServerApplicationContext : Root WebApplicationContext: initialization completed in 161 ms
2022-05-28 19:27:26.762  INFO 4042 --- [restartedMain] o.s.b.d.a.OptionalLiveReloadServer       : LiveReload server is running on port 35729
2022-05-28 19:27:26.770  INFO 4042 --- [restartedMain] o.s.b.w.embedded.tomcat.TomcatWebServer  : Tomcat started on port(s): 8080 (http) with context path ''
2022-05-28 19:27:26.776  INFO 4042 --- [restartedMain] com.turing.javaee.Application            : Started Application in 0.262 seconds (JVM running for 3326.077)
2022-05-28 19:27:26.778  INFO 4042 --- [restartedMain] .ConditionEvaluationDeltaLoggingListener : Condition evaluation unchanged
2022-05-28 19:27:28.287  INFO 4042 --- [http-nio-8080-exec-1] o.a.c.c.C.[Tomcat].[localhost].[/]       : Initializing Spring DispatcherServlet 'dispatcherServlet'
2022-05-28 19:27:28.288  INFO 4042 --- [http-nio-8080-exec-1] o.s.web.servlet.DispatcherServlet        : Initializing Servlet 'dispatcherServlet'
2022-05-28 19:27:28.289  INFO 4042 --- [http-nio-8080-exec-1] o.s.web.servlet.DispatcherServlet        : Completed initialization in 1 ms
2022-05-28 19:27:28.293  INFO 4042 --- [http-nio-8080-exec-1] c.t.javaee.controller.BookController     : books post controller
2022-05-28 19:27:28.293  INFO 4042 --- [http-nio-8080-exec-1] c.t.javaee.controller.BookController     : Book title Java Year null Author 
2022-05-28 19:27:48.454  INFO 4042 --- [restartedMain] com.turing.javaee.Application            : Starting Application using Java 1.8.0_271 on Thets-MBP-2.lan with PID 4042 (/Users/thetkhine/Project/Turing/Java/JavaEE4thBatch/spring-boot/target/classes started by thetkhine in /Users/thetkhine/Project/Turing/Java/JavaEE4thBatch/spring-boot)
2022-05-28 19:27:48.455  INFO 4042 --- [restartedMain] com.turing.javaee.Application            : No active profile set, falling back to 1 default profile: "default"
2022-05-28 19:27:48.557  INFO 4042 --- [restartedMain] o.s.b.w.embedded.tomcat.TomcatWebServer  : Tomcat initialized with port(s): 8080 (http)
2022-05-28 19:27:48.557  INFO 4042 --- [restartedMain] o.apache.catalina.core.StandardService   : Starting service [Tomcat]
2022-05-28 19:27:48.558  INFO 4042 --- [restartedMain] org.apache.catalina.core.StandardEngine  : Starting Servlet engine: [Apache Tomcat/9.0.62]
2022-05-28 19:27:48.561  INFO 4042 --- [restartedMain] o.a.c.c.C.[Tomcat].[localhost].[/]       : Initializing Spring embedded WebApplicationContext
2022-05-28 19:27:48.561  INFO 4042 --- [restartedMain] w.s.c.ServletWebServerApplicationContext : Root WebApplicationContext: initialization completed in 104 ms
2022-05-28 19:27:48.616  INFO 4042 --- [restartedMain] o.s.b.d.a.OptionalLiveReloadServer       : LiveReload server is running on port 35729
2022-05-28 19:27:48.623  INFO 4042 --- [restartedMain] o.s.b.w.embedded.tomcat.TomcatWebServer  : Tomcat started on port(s): 8080 (http) with context path ''
2022-05-28 19:27:48.628  INFO 4042 --- [restartedMain] com.turing.javaee.Application            : Started Application in 0.205 seconds (JVM running for 3347.929)
2022-05-28 19:27:48.630  INFO 4042 --- [restartedMain] .ConditionEvaluationDeltaLoggingListener : Condition evaluation unchanged
2022-05-28 19:27:58.726  INFO 4042 --- [http-nio-8080-exec-1] o.a.c.c.C.[Tomcat].[localhost].[/]       : Initializing Spring DispatcherServlet 'dispatcherServlet'
2022-05-28 19:27:58.726  INFO 4042 --- [http-nio-8080-exec-1] o.s.web.servlet.DispatcherServlet        : Initializing Servlet 'dispatcherServlet'
2022-05-28 19:27:58.727  INFO 4042 --- [http-nio-8080-exec-1] o.s.web.servlet.DispatcherServlet        : Completed initialization in 0 ms
2022-05-28 19:27:58.728  INFO 4042 --- [http-nio-8080-exec-1] c.t.javaee.controller.BookController     : books controller
2022-05-28 19:27:59.902  INFO 4042 --- [http-nio-8080-exec-2] c.t.javaee.controller.BookController     : books post controller
2022-05-28 19:27:59.902  INFO 4042 --- [http-nio-8080-exec-2] c.t.javaee.controller.BookController     : Book title Java Year null Author 
2022-05-28 19:28:26.421  INFO 4042 --- [restartedMain] com.turing.javaee.Application            : Starting Application using Java 1.8.0_271 on Thets-MBP-2.lan with PID 4042 (/Users/thetkhine/Project/Turing/Java/JavaEE4thBatch/spring-boot/target/classes started by thetkhine in /Users/thetkhine/Project/Turing/Java/JavaEE4thBatch/spring-boot)
2022-05-28 19:28:26.421  INFO 4042 --- [restartedMain] com.turing.javaee.Application            : No active profile set, falling back to 1 default profile: "default"
2022-05-28 19:28:26.526  INFO 4042 --- [restartedMain] o.s.b.w.embedded.tomcat.TomcatWebServer  : Tomcat initialized with port(s): 8080 (http)
2022-05-28 19:28:26.526  INFO 4042 --- [restartedMain] o.apache.catalina.core.StandardService   : Starting service [Tomcat]
2022-05-28 19:28:26.526  INFO 4042 --- [restartedMain] org.apache.catalina.core.StandardEngine  : Starting Servlet engine: [Apache Tomcat/9.0.62]
2022-05-28 19:28:26.530  INFO 4042 --- [restartedMain] o.a.c.c.C.[Tomcat].[localhost].[/]       : Initializing Spring embedded WebApplicationContext
2022-05-28 19:28:26.530  INFO 4042 --- [restartedMain] w.s.c.ServletWebServerApplicationContext : Root WebApplicationContext: initialization completed in 108 ms
2022-05-28 19:28:26.584  INFO 4042 --- [restartedMain] o.s.b.d.a.OptionalLiveReloadServer       : LiveReload server is running on port 35729
2022-05-28 19:28:26.591  INFO 4042 --- [restartedMain] o.s.b.w.embedded.tomcat.TomcatWebServer  : Tomcat started on port(s): 8080 (http) with context path ''
2022-05-28 19:28:26.595  INFO 4042 --- [restartedMain] com.turing.javaee.Application            : Started Application in 0.192 seconds (JVM running for 3385.896)
2022-05-28 19:28:26.598  INFO 4042 --- [restartedMain] .ConditionEvaluationDeltaLoggingListener : Condition evaluation unchanged
2022-05-28 19:28:32.128  INFO 4042 --- [restartedMain] com.turing.javaee.Application            : Starting Application using Java 1.8.0_271 on Thets-MBP-2.lan with PID 4042 (/Users/thetkhine/Project/Turing/Java/JavaEE4thBatch/spring-boot/target/classes started by thetkhine in /Users/thetkhine/Project/Turing/Java/JavaEE4thBatch/spring-boot)
2022-05-28 19:28:32.128  INFO 4042 --- [restartedMain] com.turing.javaee.Application            : No active profile set, falling back to 1 default profile: "default"
2022-05-28 19:28:32.252  INFO 4042 --- [restartedMain] o.s.b.w.embedded.tomcat.TomcatWebServer  : Tomcat initialized with port(s): 8080 (http)
2022-05-28 19:28:32.252  INFO 4042 --- [restartedMain] o.apache.catalina.core.StandardService   : Starting service [Tomcat]
2022-05-28 19:28:32.253  INFO 4042 --- [restartedMain] org.apache.catalina.core.StandardEngine  : Starting Servlet engine: [Apache Tomcat/9.0.62]
2022-05-28 19:28:32.259  INFO 4042 --- [restartedMain] o.a.c.c.C.[Tomcat].[localhost].[/]       : Initializing Spring embedded WebApplicationContext
2022-05-28 19:28:32.259  INFO 4042 --- [restartedMain] w.s.c.ServletWebServerApplicationContext : Root WebApplicationContext: initialization completed in 129 ms
2022-05-28 19:28:32.310  INFO 4042 --- [restartedMain] o.s.b.d.a.OptionalLiveReloadServer       : LiveReload server is running on port 35729
2022-05-28 19:28:32.318  INFO 4042 --- [restartedMain] o.s.b.w.embedded.tomcat.TomcatWebServer  : Tomcat started on port(s): 8080 (http) with context path ''
2022-05-28 19:28:32.323  INFO 4042 --- [restartedMain] com.turing.javaee.Application            : Started Application in 0.22 seconds (JVM running for 3391.623)
2022-05-28 19:28:32.325  INFO 4042 --- [restartedMain] .ConditionEvaluationDeltaLoggingListener : Condition evaluation unchanged
2022-05-28 19:28:35.330  INFO 4042 --- [http-nio-8080-exec-1] o.a.c.c.C.[Tomcat].[localhost].[/]       : Initializing Spring DispatcherServlet 'dispatcherServlet'
2022-05-28 19:28:35.331  INFO 4042 --- [http-nio-8080-exec-1] o.s.web.servlet.DispatcherServlet        : Initializing Servlet 'dispatcherServlet'
2022-05-28 19:28:35.332  INFO 4042 --- [http-nio-8080-exec-1] o.s.web.servlet.DispatcherServlet        : Completed initialization in 1 ms
2022-05-28 19:28:35.333  INFO 4042 --- [http-nio-8080-exec-1] c.t.javaee.controller.BookController     : books controller
2022-05-28 19:28:36.641  INFO 4042 --- [http-nio-8080-exec-2] c.t.javaee.controller.BookController     : books post controller
2022-05-28 19:28:36.642  INFO 4042 --- [http-nio-8080-exec-2] c.t.javaee.controller.BookController     : Book title Java Year null Author 
2022-05-28 19:29:44.428  INFO 4042 --- [restartedMain] com.turing.javaee.Application            : Starting Application using Java 1.8.0_271 on Thets-MBP-2.lan with PID 4042 (/Users/thetkhine/Project/Turing/Java/JavaEE4thBatch/spring-boot/target/classes started by thetkhine in /Users/thetkhine/Project/Turing/Java/JavaEE4thBatch/spring-boot)
2022-05-28 19:29:44.429  INFO 4042 --- [restartedMain] com.turing.javaee.Application            : No active profile set, falling back to 1 default profile: "default"
2022-05-28 19:29:44.532  INFO 4042 --- [restartedMain] o.s.b.w.embedded.tomcat.TomcatWebServer  : Tomcat initialized with port(s): 8080 (http)
2022-05-28 19:29:44.532  INFO 4042 --- [restartedMain] o.apache.catalina.core.StandardService   : Starting service [Tomcat]
2022-05-28 19:29:44.533  INFO 4042 --- [restartedMain] org.apache.catalina.core.StandardEngine  : Starting Servlet engine: [Apache Tomcat/9.0.62]
2022-05-28 19:29:44.536  INFO 4042 --- [restartedMain] o.a.c.c.C.[Tomcat].[localhost].[/]       : Initializing Spring embedded WebApplicationContext
2022-05-28 19:29:44.536  INFO 4042 --- [restartedMain] w.s.c.ServletWebServerApplicationContext : Root WebApplicationContext: initialization completed in 106 ms
2022-05-28 19:29:44.542  WARN 4042 --- [restartedMain] ConfigServletWebServerApplicationContext : Exception encountered during context initialization - cancelling refresh attempt: org.springframework.beans.factory.BeanCreationException: Error creating bean with name 'bookController': Lookup method resolution failed; nested exception is java.lang.IllegalStateException: Failed to introspect Class [com.turing.javaee.controller.BookController] from ClassLoader [org.springframework.boot.devtools.restart.classloader.RestartClassLoader@4c91e3f5]
2022-05-28 19:29:44.542  INFO 4042 --- [restartedMain] o.apache.catalina.core.StandardService   : Stopping service [Tomcat]
2022-05-28 19:29:44.547  INFO 4042 --- [restartedMain] ConditionEvaluationReportLoggingListener : 

Error starting ApplicationContext. To display the conditions report re-run your application with 'debug' enabled.
2022-05-28 19:29:44.577 ERROR 4042 --- [restartedMain] o.s.boot.SpringApplication               : Application run failed

org.springframework.beans.factory.BeanCreationException: Error creating bean with name 'bookController': Lookup method resolution failed; nested exception is java.lang.IllegalStateException: Failed to introspect Class [com.turing.javaee.controller.BookController] from ClassLoader [org.springframework.boot.devtools.restart.classloader.RestartClassLoader@4c91e3f5]
	at org.springframework.beans.factory.annotation.AutowiredAnnotationBeanPostProcessor.determineCandidateConstructors(AutowiredAnnotationBeanPostProcessor.java:289) ~[spring-beans-5.3.19.jar:5.3.19]
	at org.springframework.beans.factory.support.AbstractAutowireCapableBeanFactory.determineConstructorsFromBeanPostProcessors(AbstractAutowireCapableBeanFactory.java:1302) ~[spring-beans-5.3.19.jar:5.3.19]
	at org.springframework.beans.factory.support.AbstractAutowireCapableBeanFactory.createBeanInstance(AbstractAutowireCapableBeanFactory.java:1219) ~[spring-beans-5.3.19.jar:5.3.19]
	at org.springframework.beans.factory.support.AbstractAutowireCapableBeanFactory.doCreateBean(AbstractAutowireCapableBeanFactory.java:582) ~[spring-beans-5.3.19.jar:5.3.19]
	at org.springframework.beans.factory.support.AbstractAutowireCapableBeanFactory.createBean(AbstractAutowireCapableBeanFactory.java:542) ~[spring-beans-5.3.19.jar:5.3.19]
	at org.springframework.beans.factory.support.AbstractBeanFactory.lambda$doGetBean$0(AbstractBeanFactory.java:335) ~[spring-beans-5.3.19.jar:5.3.19]
	at org.springframework.beans.factory.support.DefaultSingletonBeanRegistry.getSingleton(DefaultSingletonBeanRegistry.java:234) ~[spring-beans-5.3.19.jar:5.3.19]
	at org.springframework.beans.factory.support.AbstractBeanFactory.doGetBean(AbstractBeanFactory.java:333) ~[spring-beans-5.3.19.jar:5.3.19]
	at org.springframework.beans.factory.support.AbstractBeanFactory.getBean(AbstractBeanFactory.java:208) ~[spring-beans-5.3.19.jar:5.3.19]
	at org.springframework.beans.factory.support.DefaultListableBeanFactory.preInstantiateSingletons(DefaultListableBeanFactory.java:953) ~[spring-beans-5.3.19.jar:5.3.19]
	at org.springframework.context.support.AbstractApplicationContext.finishBeanFactoryInitialization(AbstractApplicationContext.java:918) ~[spring-context-5.3.19.jar:5.3.19]
	at org.springframework.context.support.AbstractApplicationContext.refresh(AbstractApplicationContext.java:583) ~[spring-context-5.3.19.jar:5.3.19]
	at org.springframework.boot.web.servlet.context.ServletWebServerApplicationContext.refresh(ServletWebServerApplicationContext.java:145) ~[spring-boot-2.6.7.jar:2.6.7]
	at org.springframework.boot.SpringApplication.refresh(SpringApplication.java:740) [spring-boot-2.6.7.jar:2.6.7]
	at org.springframework.boot.SpringApplication.refreshContext(SpringApplication.java:415) [spring-boot-2.6.7.jar:2.6.7]
	at org.springframework.boot.SpringApplication.run(SpringApplication.java:303) [spring-boot-2.6.7.jar:2.6.7]
	at org.springframework.boot.SpringApplication.run(SpringApplication.java:1312) [spring-boot-2.6.7.jar:2.6.7]
	at org.springframework.boot.SpringApplication.run(SpringApplication.java:1301) [spring-boot-2.6.7.jar:2.6.7]
	at com.turing.javaee.Application.main(Application.java:10) [classes/:na]
	at sun.reflect.NativeMethodAccessorImpl.invoke0(Native Method) ~[na:1.8.0_271]
	at sun.reflect.NativeMethodAccessorImpl.invoke(NativeMethodAccessorImpl.java:62) ~[na:1.8.0_271]
	at sun.reflect.DelegatingMethodAccessorImpl.invoke(DelegatingMethodAccessorImpl.java:43) ~[na:1.8.0_271]
	at java.lang.reflect.Method.invoke(Method.java:498) ~[na:1.8.0_271]
	at org.springframework.boot.devtools.restart.RestartLauncher.run(RestartLauncher.java:49) [spring-boot-devtools-2.6.7.jar:2.6.7]
Caused by: java.lang.IllegalStateException: Failed to introspect Class [com.turing.javaee.controller.BookController] from ClassLoader [org.springframework.boot.devtools.restart.classloader.RestartClassLoader@4c91e3f5]
	at org.springframework.util.ReflectionUtils.getDeclaredMethods(ReflectionUtils.java:485) ~[spring-core-5.3.19.jar:5.3.19]
	at org.springframework.util.ReflectionUtils.doWithLocalMethods(ReflectionUtils.java:321) ~[spring-core-5.3.19.jar:5.3.19]
	at org.springframework.beans.factory.annotation.AutowiredAnnotationBeanPostProcessor.determineCandidateConstructors(AutowiredAnnotationBeanPostProcessor.java:267) ~[spring-beans-5.3.19.jar:5.3.19]
	... 23 common frames omitted
Caused by: java.lang.NoClassDefFoundError: BindingResult
	at java.lang.Class.getDeclaredMethods0(Native Method) ~[na:1.8.0_271]
	at java.lang.Class.privateGetDeclaredMethods(Class.java:2701) ~[na:1.8.0_271]
	at java.lang.Class.getDeclaredMethods(Class.java:1975) ~[na:1.8.0_271]
	at org.springframework.util.ReflectionUtils.getDeclaredMethods(ReflectionUtils.java:467) ~[spring-core-5.3.19.jar:5.3.19]
	... 25 common frames omitted
Caused by: java.lang.ClassNotFoundException: BindingResult
	at java.net.URLClassLoader.findClass(URLClassLoader.java:382) ~[na:1.8.0_271]
	at java.lang.ClassLoader.loadClass(ClassLoader.java:418) ~[na:1.8.0_271]
	at sun.misc.Launcher$AppClassLoader.loadClass(Launcher.java:355) ~[na:1.8.0_271]
	at java.lang.ClassLoader.loadClass(ClassLoader.java:351) ~[na:1.8.0_271]
	at java.lang.Class.forName0(Native Method) ~[na:1.8.0_271]
	at java.lang.Class.forName(Class.java:348) ~[na:1.8.0_271]
	at org.springframework.boot.devtools.restart.classloader.RestartClassLoader.loadClass(RestartClassLoader.java:145) ~[spring-boot-devtools-2.6.7.jar:2.6.7]
	at java.lang.ClassLoader.loadClass(ClassLoader.java:351) ~[na:1.8.0_271]
	... 29 common frames omitted

2022-05-28 19:29:54.108  INFO 4042 --- [restartedMain] com.turing.javaee.Application            : Starting Application using Java 1.8.0_271 on Thets-MBP-2.lan with PID 4042 (/Users/thetkhine/Project/Turing/Java/JavaEE4thBatch/spring-boot/target/classes started by thetkhine in /Users/thetkhine/Project/Turing/Java/JavaEE4thBatch/spring-boot)
2022-05-28 19:29:54.108  INFO 4042 --- [restartedMain] com.turing.javaee.Application            : No active profile set, falling back to 1 default profile: "default"
2022-05-28 19:29:54.210  INFO 4042 --- [restartedMain] o.s.b.w.embedded.tomcat.TomcatWebServer  : Tomcat initialized with port(s): 8080 (http)
2022-05-28 19:29:54.211  INFO 4042 --- [restartedMain] o.apache.catalina.core.StandardService   : Starting service [Tomcat]
2022-05-28 19:29:54.211  INFO 4042 --- [restartedMain] org.apache.catalina.core.StandardEngine  : Starting Servlet engine: [Apache Tomcat/9.0.62]
2022-05-28 19:29:54.214  INFO 4042 --- [restartedMain] o.a.c.c.C.[Tomcat-1].[localhost].[/]     : Initializing Spring embedded WebApplicationContext
2022-05-28 19:29:54.214  INFO 4042 --- [restartedMain] w.s.c.ServletWebServerApplicationContext : Root WebApplicationContext: initialization completed in 105 ms
2022-05-28 19:29:54.265  INFO 4042 --- [restartedMain] o.s.b.d.a.OptionalLiveReloadServer       : LiveReload server is running on port 35729
2022-05-28 19:29:54.272  INFO 4042 --- [restartedMain] o.s.b.w.embedded.tomcat.TomcatWebServer  : Tomcat started on port(s): 8080 (http) with context path ''
2022-05-28 19:29:54.277  INFO 4042 --- [restartedMain] com.turing.javaee.Application            : Started Application in 0.202 seconds (JVM running for 3473.576)
2022-05-28 19:29:54.282  INFO 4042 --- [restartedMain] .ConditionEvaluationDeltaLoggingListener : Condition evaluation unchanged
2022-05-28 19:30:15.972  INFO 4042 --- [restartedMain] com.turing.javaee.Application            : Starting Application using Java 1.8.0_271 on Thets-MBP-2.lan with PID 4042 (/Users/thetkhine/Project/Turing/Java/JavaEE4thBatch/spring-boot/target/classes started by thetkhine in /Users/thetkhine/Project/Turing/Java/JavaEE4thBatch/spring-boot)
2022-05-28 19:30:15.972  INFO 4042 --- [restartedMain] com.turing.javaee.Application            : No active profile set, falling back to 1 default profile: "default"
2022-05-28 19:30:16.072  INFO 4042 --- [restartedMain] o.s.b.w.embedded.tomcat.TomcatWebServer  : Tomcat initialized with port(s): 8080 (http)
2022-05-28 19:30:16.073  INFO 4042 --- [restartedMain] o.apache.catalina.core.StandardService   : Starting service [Tomcat]
2022-05-28 19:30:16.073  INFO 4042 --- [restartedMain] org.apache.catalina.core.StandardEngine  : Starting Servlet engine: [Apache Tomcat/9.0.62]
2022-05-28 19:30:16.076  INFO 4042 --- [restartedMain] o.a.c.c.C.[Tomcat-1].[localhost].[/]     : Initializing Spring embedded WebApplicationContext
2022-05-28 19:30:16.076  INFO 4042 --- [restartedMain] w.s.c.ServletWebServerApplicationContext : Root WebApplicationContext: initialization completed in 103 ms
2022-05-28 19:30:16.124  INFO 4042 --- [restartedMain] o.s.b.d.a.OptionalLiveReloadServer       : LiveReload server is running on port 35729
2022-05-28 19:30:16.131  INFO 4042 --- [restartedMain] o.s.b.w.embedded.tomcat.TomcatWebServer  : Tomcat started on port(s): 8080 (http) with context path ''
2022-05-28 19:30:16.138  INFO 4042 --- [restartedMain] com.turing.javaee.Application            : Started Application in 0.177 seconds (JVM running for 3495.436)
2022-05-28 19:30:16.139  INFO 4042 --- [restartedMain] .ConditionEvaluationDeltaLoggingListener : Condition evaluation unchanged
2022-05-28 19:30:29.740  INFO 4042 --- [restartedMain] com.turing.javaee.Application            : Starting Application using Java 1.8.0_271 on Thets-MBP-2.lan with PID 4042 (/Users/thetkhine/Project/Turing/Java/JavaEE4thBatch/spring-boot/target/classes started by thetkhine in /Users/thetkhine/Project/Turing/Java/JavaEE4thBatch/spring-boot)
2022-05-28 19:30:29.740  INFO 4042 --- [restartedMain] com.turing.javaee.Application            : No active profile set, falling back to 1 default profile: "default"
2022-05-28 19:30:29.836  INFO 4042 --- [restartedMain] o.s.b.w.embedded.tomcat.TomcatWebServer  : Tomcat initialized with port(s): 8080 (http)
2022-05-28 19:30:29.836  INFO 4042 --- [restartedMain] o.apache.catalina.core.StandardService   : Starting service [Tomcat]
2022-05-28 19:30:29.837  INFO 4042 --- [restartedMain] org.apache.catalina.core.StandardEngine  : Starting Servlet engine: [Apache Tomcat/9.0.62]
2022-05-28 19:30:29.840  INFO 4042 --- [restartedMain] o.a.c.c.C.[Tomcat-1].[localhost].[/]     : Initializing Spring embedded WebApplicationContext
2022-05-28 19:30:29.840  INFO 4042 --- [restartedMain] w.s.c.ServletWebServerApplicationContext : Root WebApplicationContext: initialization completed in 99 ms
2022-05-28 19:30:29.897  INFO 4042 --- [restartedMain] o.s.b.d.a.OptionalLiveReloadServer       : LiveReload server is running on port 35729
2022-05-28 19:30:29.904  INFO 4042 --- [restartedMain] o.s.b.w.embedded.tomcat.TomcatWebServer  : Tomcat started on port(s): 8080 (http) with context path ''
2022-05-28 19:30:29.910  INFO 4042 --- [restartedMain] com.turing.javaee.Application            : Started Application in 0.183 seconds (JVM running for 3509.208)
2022-05-28 19:30:29.912  INFO 4042 --- [restartedMain] .ConditionEvaluationDeltaLoggingListener : Condition evaluation unchanged
2022-05-28 19:30:37.347  INFO 4042 --- [http-nio-8080-exec-1] o.a.c.c.C.[Tomcat-1].[localhost].[/]     : Initializing Spring DispatcherServlet 'dispatcherServlet'
2022-05-28 19:30:37.348  INFO 4042 --- [http-nio-8080-exec-1] o.s.web.servlet.DispatcherServlet        : Initializing Servlet 'dispatcherServlet'
2022-05-28 19:30:37.349  INFO 4042 --- [http-nio-8080-exec-1] o.s.web.servlet.DispatcherServlet        : Completed initialization in 1 ms
2022-05-28 19:30:37.350  INFO 4042 --- [http-nio-8080-exec-1] c.t.javaee.controller.BookController     : books controller
2022-05-28 19:30:38.934  INFO 4042 --- [http-nio-8080-exec-2] c.t.javaee.controller.BookController     : books post controller
2022-05-28 19:30:38.934  INFO 4042 --- [http-nio-8080-exec-2] c.t.javaee.controller.BookController     : Book title Java Year null Author 
2022-05-28 19:31:39.509  INFO 4042 --- [http-nio-8080-exec-5] c.t.javaee.controller.BookController     : books post controller
2022-05-28 19:31:39.510  INFO 4042 --- [http-nio-8080-exec-5] c.t.javaee.controller.BookController     : Book title  Year null Author 
2022-05-28 19:31:42.965  INFO 4042 --- [http-nio-8080-exec-6] c.t.javaee.controller.BookController     : books controller
2022-05-28 19:31:46.272  INFO 4042 --- [http-nio-8080-exec-7] c.t.javaee.controller.BookController     : books post controller
2022-05-28 19:31:46.273  INFO 4042 --- [http-nio-8080-exec-7] c.t.javaee.controller.BookController     : Book title  Year null Author 
2022-05-28 19:31:55.654  INFO 4042 --- [RMI TCP Connection(101)-127.0.0.1] inMXBeanRegistrar$SpringApplicationAdmin : Application shutdown requested.
2022-05-28 19:32:02.852  INFO 4792 --- [restartedMain] com.turing.javaee.Application            : Starting Application using Java 1.8.0_271 on Thets-MBP-2.lan with PID 4792 (/Users/thetkhine/Project/Turing/Java/JavaEE4thBatch/spring-boot/target/classes started by thetkhine in /Users/thetkhine/Project/Turing/Java/JavaEE4thBatch/spring-boot)
2022-05-28 19:32:02.853  INFO 4792 --- [restartedMain] com.turing.javaee.Application            : No active profile set, falling back to 1 default profile: "default"
2022-05-28 19:32:02.892  INFO 4792 --- [restartedMain] .e.DevToolsPropertyDefaultsPostProcessor : Devtools property defaults active! Set 'spring.devtools.add-properties' to 'false' to disable
2022-05-28 19:32:02.892  INFO 4792 --- [restartedMain] .e.DevToolsPropertyDefaultsPostProcessor : For additional web related logging consider setting the 'logging.level.web' property to 'DEBUG'
2022-05-28 19:32:03.744  INFO 4792 --- [restartedMain] o.s.b.w.embedded.tomcat.TomcatWebServer  : Tomcat initialized with port(s): 8080 (http)
2022-05-28 19:32:03.750  INFO 4792 --- [restartedMain] o.apache.catalina.core.StandardService   : Starting service [Tomcat]
2022-05-28 19:32:03.750  INFO 4792 --- [restartedMain] org.apache.catalina.core.StandardEngine  : Starting Servlet engine: [Apache Tomcat/9.0.62]
2022-05-28 19:32:03.789  INFO 4792 --- [restartedMain] o.a.c.c.C.[Tomcat].[localhost].[/]       : Initializing Spring embedded WebApplicationContext
2022-05-28 19:32:03.789  INFO 4792 --- [restartedMain] w.s.c.ServletWebServerApplicationContext : Root WebApplicationContext: initialization completed in 896 ms
2022-05-28 19:32:04.072  INFO 4792 --- [restartedMain] o.s.b.d.a.OptionalLiveReloadServer       : LiveReload server is running on port 35729
2022-05-28 19:32:04.101  INFO 4792 --- [restartedMain] o.s.b.w.embedded.tomcat.TomcatWebServer  : Tomcat started on port(s): 8080 (http) with context path ''
2022-05-28 19:32:04.109  INFO 4792 --- [restartedMain] com.turing.javaee.Application            : Started Application in 1.585 seconds (JVM running for 2.109)
2022-05-28 19:32:18.028  INFO 4792 --- [http-nio-8080-exec-1] o.a.c.c.C.[Tomcat].[localhost].[/]       : Initializing Spring DispatcherServlet 'dispatcherServlet'
2022-05-28 19:32:18.028  INFO 4792 --- [http-nio-8080-exec-1] o.s.web.servlet.DispatcherServlet        : Initializing Servlet 'dispatcherServlet'
2022-05-28 19:32:18.029  INFO 4792 --- [http-nio-8080-exec-1] o.s.web.servlet.DispatcherServlet        : Completed initialization in 1 ms
2022-05-28 19:32:18.050  INFO 4792 --- [http-nio-8080-exec-1] c.t.javaee.controller.BookController     : books controller
2022-05-28 19:32:22.252  INFO 4792 --- [http-nio-8080-exec-2] c.t.javaee.controller.BookController     : books post controller
2022-05-28 19:32:22.252  INFO 4792 --- [http-nio-8080-exec-2] c.t.javaee.controller.BookController     : Book title  Year null Author 
2022-05-28 19:32:22.253  INFO 4792 --- [http-nio-8080-exec-2] c.t.javaee.controller.BookController     : books post controller have error 3
2022-05-28 19:34:13.499  INFO 4792 --- [http-nio-8080-exec-5] c.t.javaee.controller.BookController     : books post controller
2022-05-28 19:34:13.500  INFO 4792 --- [http-nio-8080-exec-5] c.t.javaee.controller.BookController     : Book title eee Year null Author ee
2022-05-28 19:34:25.299  INFO 4792 --- [http-nio-8080-exec-6] c.t.javaee.controller.BookController     : books post controller
2022-05-28 19:34:25.299  INFO 4792 --- [http-nio-8080-exec-6] c.t.javaee.controller.BookController     : Book title eee Year null Author ee
2022-05-28 19:34:34.467  INFO 4792 --- [http-nio-8080-exec-7] c.t.javaee.controller.BookController     : books post controller
2022-05-28 19:34:34.468  INFO 4792 --- [http-nio-8080-exec-7] c.t.javaee.controller.BookController     : Book title eee Year null Author 
2022-05-28 19:34:34.468  INFO 4792 --- [http-nio-8080-exec-7] c.t.javaee.controller.BookController     : books post controller have error 1
2022-05-28 19:38:05.377  INFO 4792 --- [http-nio-8080-exec-10] c.t.javaee.controller.BookController     : books controller
2022-05-28 19:38:07.202  INFO 4792 --- [http-nio-8080-exec-1] c.t.javaee.controller.BookController     : books post controller
2022-05-28 19:38:07.203  INFO 4792 --- [http-nio-8080-exec-1] c.t.javaee.controller.BookController     : Book title Java Year null Author 
2022-05-28 19:38:07.203  INFO 4792 --- [http-nio-8080-exec-1] c.t.javaee.controller.BookController     : books post controller have error 1
2022-05-28 19:38:11.191  INFO 4792 --- [http-nio-8080-exec-2] c.t.javaee.controller.BookController     : books post controller
2022-05-28 19:38:11.191  INFO 4792 --- [http-nio-8080-exec-2] c.t.javaee.controller.BookController     : Book title  Year null Author 
2022-05-28 19:38:11.191  INFO 4792 --- [http-nio-8080-exec-2] c.t.javaee.controller.BookController     : books post controller have error 3
2022-05-28 19:38:35.426  INFO 4792 --- [restartedMain] com.turing.javaee.Application            : Starting Application using Java 1.8.0_271 on Thets-MBP-2.lan with PID 4792 (/Users/thetkhine/Project/Turing/Java/JavaEE4thBatch/spring-boot/target/classes started by thetkhine in /Users/thetkhine/Project/Turing/Java/JavaEE4thBatch/spring-boot)
2022-05-28 19:38:35.426  INFO 4792 --- [restartedMain] com.turing.javaee.Application            : No active profile set, falling back to 1 default profile: "default"
2022-05-28 19:38:35.564  INFO 4792 --- [restartedMain] o.s.b.w.embedded.tomcat.TomcatWebServer  : Tomcat initialized with port(s): 8080 (http)
2022-05-28 19:38:35.565  INFO 4792 --- [restartedMain] o.apache.catalina.core.StandardService   : Starting service [Tomcat]
2022-05-28 19:38:35.565  INFO 4792 --- [restartedMain] org.apache.catalina.core.StandardEngine  : Starting Servlet engine: [Apache Tomcat/9.0.62]
2022-05-28 19:38:35.569  INFO 4792 --- [restartedMain] o.a.c.c.C.[Tomcat].[localhost].[/]       : Initializing Spring embedded WebApplicationContext
2022-05-28 19:38:35.569  INFO 4792 --- [restartedMain] w.s.c.ServletWebServerApplicationContext : Root WebApplicationContext: initialization completed in 141 ms
2022-05-28 19:38:35.653  INFO 4792 --- [restartedMain] o.s.b.d.a.OptionalLiveReloadServer       : LiveReload server is running on port 35729
2022-05-28 19:38:35.661  INFO 4792 --- [restartedMain] o.s.b.w.embedded.tomcat.TomcatWebServer  : Tomcat started on port(s): 8080 (http) with context path ''
2022-05-28 19:38:35.665  INFO 4792 --- [restartedMain] com.turing.javaee.Application            : Started Application in 0.262 seconds (JVM running for 393.658)
2022-05-28 19:38:35.669  INFO 4792 --- [restartedMain] .ConditionEvaluationDeltaLoggingListener : Condition evaluation unchanged
2022-05-28 19:38:55.346  INFO 4792 --- [restartedMain] com.turing.javaee.Application            : Starting Application using Java 1.8.0_271 on Thets-MBP-2.lan with PID 4792 (/Users/thetkhine/Project/Turing/Java/JavaEE4thBatch/spring-boot/target/classes started by thetkhine in /Users/thetkhine/Project/Turing/Java/JavaEE4thBatch/spring-boot)
2022-05-28 19:38:55.347  INFO 4792 --- [restartedMain] com.turing.javaee.Application            : No active profile set, falling back to 1 default profile: "default"
2022-05-28 19:38:55.465  INFO 4792 --- [restartedMain] o.s.b.w.embedded.tomcat.TomcatWebServer  : Tomcat initialized with port(s): 8080 (http)
2022-05-28 19:38:55.466  INFO 4792 --- [restartedMain] o.apache.catalina.core.StandardService   : Starting service [Tomcat]
2022-05-28 19:38:55.466  INFO 4792 --- [restartedMain] org.apache.catalina.core.StandardEngine  : Starting Servlet engine: [Apache Tomcat/9.0.62]
2022-05-28 19:38:55.470  INFO 4792 --- [restartedMain] o.a.c.c.C.[Tomcat].[localhost].[/]       : Initializing Spring embedded WebApplicationContext
2022-05-28 19:38:55.470  INFO 4792 --- [restartedMain] w.s.c.ServletWebServerApplicationContext : Root WebApplicationContext: initialization completed in 122 ms
2022-05-28 19:38:55.605  INFO 4792 --- [restartedMain] o.s.b.d.a.OptionalLiveReloadServer       : LiveReload server is running on port 35729
2022-05-28 19:38:55.617  INFO 4792 --- [restartedMain] o.s.b.w.embedded.tomcat.TomcatWebServer  : Tomcat started on port(s): 8080 (http) with context path ''
2022-05-28 19:38:55.627  INFO 4792 --- [restartedMain] com.turing.javaee.Application            : Started Application in 0.298 seconds (JVM running for 413.625)
2022-05-28 19:38:55.629  INFO 4792 --- [restartedMain] .ConditionEvaluationDeltaLoggingListener : Condition evaluation unchanged
2022-05-28 19:38:56.547  INFO 4792 --- [http-nio-8080-exec-1] o.a.c.c.C.[Tomcat].[localhost].[/]       : Initializing Spring DispatcherServlet 'dispatcherServlet'
2022-05-28 19:38:56.548  INFO 4792 --- [http-nio-8080-exec-1] o.s.web.servlet.DispatcherServlet        : Initializing Servlet 'dispatcherServlet'
2022-05-28 19:38:56.548  INFO 4792 --- [http-nio-8080-exec-1] o.s.web.servlet.DispatcherServlet        : Completed initialization in 0 ms
2022-05-28 19:38:56.549  INFO 4792 --- [http-nio-8080-exec-1] c.t.javaee.controller.BookController     : books controller
2022-05-28 19:38:57.801  INFO 4792 --- [http-nio-8080-exec-2] c.t.javaee.controller.BookController     : books post controller
2022-05-28 19:38:57.801  INFO 4792 --- [http-nio-8080-exec-2] c.t.javaee.controller.BookController     : Book title Java Year null Author 
2022-05-28 19:38:57.802  INFO 4792 --- [http-nio-8080-exec-2] c.t.javaee.controller.BookController     : books post controller have error 1
2022-05-28 19:39:01.079  INFO 4792 --- [http-nio-8080-exec-3] c.t.javaee.controller.BookController     : books post controller
2022-05-28 19:39:01.079  INFO 4792 --- [http-nio-8080-exec-3] c.t.javaee.controller.BookController     : Book title  Year null Author 
2022-05-28 19:39:01.079  INFO 4792 --- [http-nio-8080-exec-3] c.t.javaee.controller.BookController     : books post controller have error 3
2022-05-28 19:40:34.518  INFO 4792 --- [restartedMain] com.turing.javaee.Application            : Starting Application using Java 1.8.0_271 on Thets-MBP-2.lan with PID 4792 (/Users/thetkhine/Project/Turing/Java/JavaEE4thBatch/spring-boot/target/classes started by thetkhine in /Users/thetkhine/Project/Turing/Java/JavaEE4thBatch/spring-boot)
2022-05-28 19:40:34.519  INFO 4792 --- [restartedMain] com.turing.javaee.Application            : No active profile set, falling back to 1 default profile: "default"
2022-05-28 19:40:34.640  INFO 4792 --- [restartedMain] o.s.b.w.embedded.tomcat.TomcatWebServer  : Tomcat initialized with port(s): 8080 (http)
2022-05-28 19:40:34.641  INFO 4792 --- [restartedMain] o.apache.catalina.core.StandardService   : Starting service [Tomcat]
2022-05-28 19:40:34.641  INFO 4792 --- [restartedMain] org.apache.catalina.core.StandardEngine  : Starting Servlet engine: [Apache Tomcat/9.0.62]
2022-05-28 19:40:34.645  INFO 4792 --- [restartedMain] o.a.c.c.C.[Tomcat].[localhost].[/]       : Initializing Spring embedded WebApplicationContext
2022-05-28 19:40:34.645  INFO 4792 --- [restartedMain] w.s.c.ServletWebServerApplicationContext : Root WebApplicationContext: initialization completed in 125 ms
2022-05-28 19:40:34.709  INFO 4792 --- [restartedMain] o.s.b.d.a.OptionalLiveReloadServer       : LiveReload server is running on port 35729
2022-05-28 19:40:34.718  INFO 4792 --- [restartedMain] o.s.b.w.embedded.tomcat.TomcatWebServer  : Tomcat started on port(s): 8080 (http) with context path ''
2022-05-28 19:40:34.723  INFO 4792 --- [restartedMain] com.turing.javaee.Application            : Started Application in 0.234 seconds (JVM running for 512.721)
2022-05-28 19:40:34.724  INFO 4792 --- [restartedMain] .ConditionEvaluationDeltaLoggingListener : Condition evaluation unchanged
2022-05-28 19:40:47.327  INFO 4792 --- [restartedMain] com.turing.javaee.Application            : Starting Application using Java 1.8.0_271 on Thets-MBP-2.lan with PID 4792 (/Users/thetkhine/Project/Turing/Java/JavaEE4thBatch/spring-boot/target/classes started by thetkhine in /Users/thetkhine/Project/Turing/Java/JavaEE4thBatch/spring-boot)
2022-05-28 19:40:47.327  INFO 4792 --- [restartedMain] com.turing.javaee.Application            : No active profile set, falling back to 1 default profile: "default"
2022-05-28 19:40:47.453  INFO 4792 --- [restartedMain] o.s.b.w.embedded.tomcat.TomcatWebServer  : Tomcat initialized with port(s): 8080 (http)
2022-05-28 19:40:47.454  INFO 4792 --- [restartedMain] o.apache.catalina.core.StandardService   : Starting service [Tomcat]
2022-05-28 19:40:47.454  INFO 4792 --- [restartedMain] org.apache.catalina.core.StandardEngine  : Starting Servlet engine: [Apache Tomcat/9.0.62]
2022-05-28 19:40:47.458  INFO 4792 --- [restartedMain] o.a.c.c.C.[Tomcat].[localhost].[/]       : Initializing Spring embedded WebApplicationContext
2022-05-28 19:40:47.458  INFO 4792 --- [restartedMain] w.s.c.ServletWebServerApplicationContext : Root WebApplicationContext: initialization completed in 130 ms
2022-05-28 19:40:47.521  INFO 4792 --- [restartedMain] o.s.b.d.a.OptionalLiveReloadServer       : LiveReload server is running on port 35729
2022-05-28 19:40:47.528  INFO 4792 --- [restartedMain] o.s.b.w.embedded.tomcat.TomcatWebServer  : Tomcat started on port(s): 8080 (http) with context path ''
2022-05-28 19:40:47.532  INFO 4792 --- [restartedMain] com.turing.javaee.Application            : Started Application in 0.222 seconds (JVM running for 525.531)
2022-05-28 19:40:47.535  INFO 4792 --- [restartedMain] .ConditionEvaluationDeltaLoggingListener : Condition evaluation unchanged
2022-05-28 19:41:14.269  INFO 4792 --- [http-nio-8080-exec-1] o.a.c.c.C.[Tomcat].[localhost].[/]       : Initializing Spring DispatcherServlet 'dispatcherServlet'
2022-05-28 19:41:14.270  INFO 4792 --- [http-nio-8080-exec-1] o.s.web.servlet.DispatcherServlet        : Initializing Servlet 'dispatcherServlet'
2022-05-28 19:41:14.270  INFO 4792 --- [http-nio-8080-exec-1] o.s.web.servlet.DispatcherServlet        : Completed initialization in 0 ms
2022-05-28 19:41:14.271  INFO 4792 --- [http-nio-8080-exec-1] c.t.javaee.controller.BookController     : books controller
2022-05-28 19:41:15.468  INFO 4792 --- [http-nio-8080-exec-2] c.t.javaee.controller.BookController     : books post controller
2022-05-28 19:41:15.469  INFO 4792 --- [http-nio-8080-exec-2] c.t.javaee.controller.BookController     : Book title Java Year null Author 
2022-05-28 19:41:15.469  INFO 4792 --- [http-nio-8080-exec-2] c.t.javaee.controller.BookController     : books post controller have error 1
2022-05-28 19:41:37.857  INFO 4792 --- [http-nio-8080-exec-3] c.t.javaee.controller.BookController     : books controller
2022-05-28 19:41:38.318  INFO 4792 --- [restartedMain] com.turing.javaee.Application            : Starting Application using Java 1.8.0_271 on Thets-MBP-2.lan with PID 4792 (/Users/thetkhine/Project/Turing/Java/JavaEE4thBatch/spring-boot/target/classes started by thetkhine in /Users/thetkhine/Project/Turing/Java/JavaEE4thBatch/spring-boot)
2022-05-28 19:41:38.318  INFO 4792 --- [restartedMain] com.turing.javaee.Application            : No active profile set, falling back to 1 default profile: "default"
2022-05-28 19:41:38.440  INFO 4792 --- [restartedMain] o.s.b.w.embedded.tomcat.TomcatWebServer  : Tomcat initialized with port(s): 8080 (http)
2022-05-28 19:41:38.441  INFO 4792 --- [restartedMain] o.apache.catalina.core.StandardService   : Starting service [Tomcat]
2022-05-28 19:41:38.441  INFO 4792 --- [restartedMain] org.apache.catalina.core.StandardEngine  : Starting Servlet engine: [Apache Tomcat/9.0.62]
2022-05-28 19:41:38.445  INFO 4792 --- [restartedMain] o.a.c.c.C.[Tomcat].[localhost].[/]       : Initializing Spring embedded WebApplicationContext
2022-05-28 19:41:38.445  INFO 4792 --- [restartedMain] w.s.c.ServletWebServerApplicationContext : Root WebApplicationContext: initialization completed in 125 ms
2022-05-28 19:41:38.505  INFO 4792 --- [restartedMain] o.s.b.d.a.OptionalLiveReloadServer       : LiveReload server is running on port 35729
2022-05-28 19:41:38.512  INFO 4792 --- [restartedMain] o.s.b.w.embedded.tomcat.TomcatWebServer  : Tomcat started on port(s): 8080 (http) with context path ''
2022-05-28 19:41:38.515  INFO 4792 --- [restartedMain] com.turing.javaee.Application            : Started Application in 0.232 seconds (JVM running for 576.513)
2022-05-28 19:41:38.517  INFO 4792 --- [restartedMain] .ConditionEvaluationDeltaLoggingListener : Condition evaluation unchanged
2022-05-28 19:41:39.331  INFO 4792 --- [http-nio-8080-exec-1] o.a.c.c.C.[Tomcat].[localhost].[/]       : Initializing Spring DispatcherServlet 'dispatcherServlet'
2022-05-28 19:41:39.332  INFO 4792 --- [http-nio-8080-exec-1] o.s.web.servlet.DispatcherServlet        : Initializing Servlet 'dispatcherServlet'
2022-05-28 19:41:39.333  INFO 4792 --- [http-nio-8080-exec-1] o.s.web.servlet.DispatcherServlet        : Completed initialization in 1 ms
2022-05-28 19:41:39.344  INFO 4792 --- [http-nio-8080-exec-1] c.t.javaee.controller.BookController     : books post controller
2022-05-28 19:41:39.344  INFO 4792 --- [http-nio-8080-exec-1] c.t.javaee.controller.BookController     : Book title Java Year null Author 
2022-05-28 19:41:39.344  INFO 4792 --- [http-nio-8080-exec-1] c.t.javaee.controller.BookController     : books post controller have error 2
2022-05-28 19:41:42.328  INFO 4792 --- [http-nio-8080-exec-2] c.t.javaee.controller.BookController     : books post controller
2022-05-28 19:41:42.329  INFO 4792 --- [http-nio-8080-exec-2] c.t.javaee.controller.BookController     : Book title Java Year null Author 
2022-05-28 19:41:42.329  INFO 4792 --- [http-nio-8080-exec-2] c.t.javaee.controller.BookController     : books post controller have error 2
2022-05-28 19:41:58.193  INFO 4792 --- [restartedMain] com.turing.javaee.Application            : Starting Application using Java 1.8.0_271 on Thets-MBP-2.lan with PID 4792 (/Users/thetkhine/Project/Turing/Java/JavaEE4thBatch/spring-boot/target/classes started by thetkhine in /Users/thetkhine/Project/Turing/Java/JavaEE4thBatch/spring-boot)
2022-05-28 19:41:58.193  INFO 4792 --- [restartedMain] com.turing.javaee.Application            : No active profile set, falling back to 1 default profile: "default"
2022-05-28 19:41:58.303  INFO 4792 --- [restartedMain] o.s.b.w.embedded.tomcat.TomcatWebServer  : Tomcat initialized with port(s): 8080 (http)
2022-05-28 19:41:58.304  INFO 4792 --- [restartedMain] o.apache.catalina.core.StandardService   : Starting service [Tomcat]
2022-05-28 19:41:58.304  INFO 4792 --- [restartedMain] org.apache.catalina.core.StandardEngine  : Starting Servlet engine: [Apache Tomcat/9.0.62]
2022-05-28 19:41:58.309  INFO 4792 --- [restartedMain] o.a.c.c.C.[Tomcat].[localhost].[/]       : Initializing Spring embedded WebApplicationContext
2022-05-28 19:41:58.309  INFO 4792 --- [restartedMain] w.s.c.ServletWebServerApplicationContext : Root WebApplicationContext: initialization completed in 115 ms
2022-05-28 19:41:58.359  INFO 4792 --- [restartedMain] o.s.b.d.a.OptionalLiveReloadServer       : LiveReload server is running on port 35729
2022-05-28 19:41:58.366  INFO 4792 --- [restartedMain] o.s.b.w.embedded.tomcat.TomcatWebServer  : Tomcat started on port(s): 8080 (http) with context path ''
2022-05-28 19:41:58.371  INFO 4792 --- [restartedMain] com.turing.javaee.Application            : Started Application in 0.196 seconds (JVM running for 596.368)
2022-05-28 19:41:58.372  INFO 4792 --- [restartedMain] .ConditionEvaluationDeltaLoggingListener : Condition evaluation unchanged
2022-05-28 19:42:08.046  INFO 4792 --- [http-nio-8080-exec-1] o.a.c.c.C.[Tomcat].[localhost].[/]       : Initializing Spring DispatcherServlet 'dispatcherServlet'
2022-05-28 19:42:08.047  INFO 4792 --- [http-nio-8080-exec-1] o.s.web.servlet.DispatcherServlet        : Initializing Servlet 'dispatcherServlet'
2022-05-28 19:42:08.047  INFO 4792 --- [http-nio-8080-exec-1] o.s.web.servlet.DispatcherServlet        : Completed initialization in 0 ms
2022-05-28 19:42:08.069  INFO 4792 --- [http-nio-8080-exec-1] c.t.javaee.controller.BookController     : books post controller
2022-05-28 19:42:08.070  INFO 4792 --- [http-nio-8080-exec-1] c.t.javaee.controller.BookController     : Book title Java Year null Author 
2022-05-28 19:42:08.070  INFO 4792 --- [http-nio-8080-exec-1] c.t.javaee.controller.BookController     : books post controller have error 1
2022-05-28 20:09:49.101  INFO 4792 --- [restartedMain] com.turing.javaee.Application            : Starting Application using Java 1.8.0_271 on Thets-MBP-2.lan with PID 4792 (/Users/thetkhine/Project/Turing/Java/JavaEE4thBatch/spring-boot/target/classes started by thetkhine in /Users/thetkhine/Project/Turing/Java/JavaEE4thBatch/spring-boot)
2022-05-28 20:09:49.102  INFO 4792 --- [restartedMain] com.turing.javaee.Application            : No active profile set, falling back to 1 default profile: "default"
2022-05-28 20:09:49.214  INFO 4792 --- [restartedMain] o.s.b.w.embedded.tomcat.TomcatWebServer  : Tomcat initialized with port(s): 8080 (http)
2022-05-28 20:09:49.215  INFO 4792 --- [restartedMain] o.apache.catalina.core.StandardService   : Starting service [Tomcat]
2022-05-28 20:09:49.215  INFO 4792 --- [restartedMain] org.apache.catalina.core.StandardEngine  : Starting Servlet engine: [Apache Tomcat/9.0.62]
2022-05-28 20:09:49.218  INFO 4792 --- [restartedMain] o.a.c.c.C.[Tomcat].[localhost].[/]       : Initializing Spring embedded WebApplicationContext
2022-05-28 20:09:49.219  INFO 4792 --- [restartedMain] w.s.c.ServletWebServerApplicationContext : Root WebApplicationContext: initialization completed in 116 ms
2022-05-28 20:09:49.276  INFO 4792 --- [restartedMain] o.s.b.d.a.OptionalLiveReloadServer       : LiveReload server is running on port 35729
2022-05-28 20:09:49.283  INFO 4792 --- [restartedMain] o.s.b.w.embedded.tomcat.TomcatWebServer  : Tomcat started on port(s): 8080 (http) with context path ''
2022-05-28 20:09:49.294  INFO 4792 --- [restartedMain] com.turing.javaee.Application            : Started Application in 0.213 seconds (JVM running for 2267.263)
2022-05-28 20:09:49.295  INFO 4792 --- [restartedMain] .ConditionEvaluationDeltaLoggingListener : Condition evaluation unchanged
2022-05-28 20:09:52.806  INFO 4792 --- [restartedMain] com.turing.javaee.Application            : Starting Application using Java 1.8.0_271 on Thets-MBP-2.lan with PID 4792 (/Users/thetkhine/Project/Turing/Java/JavaEE4thBatch/spring-boot/target/classes started by thetkhine in /Users/thetkhine/Project/Turing/Java/JavaEE4thBatch/spring-boot)
2022-05-28 20:09:52.806  INFO 4792 --- [restartedMain] com.turing.javaee.Application            : No active profile set, falling back to 1 default profile: "default"
2022-05-28 20:09:52.912  INFO 4792 --- [restartedMain] o.s.b.w.embedded.tomcat.TomcatWebServer  : Tomcat initialized with port(s): 8080 (http)
2022-05-28 20:09:52.912  INFO 4792 --- [restartedMain] o.apache.catalina.core.StandardService   : Starting service [Tomcat]
2022-05-28 20:09:52.912  INFO 4792 --- [restartedMain] org.apache.catalina.core.StandardEngine  : Starting Servlet engine: [Apache Tomcat/9.0.62]
2022-05-28 20:09:52.916  INFO 4792 --- [restartedMain] o.a.c.c.C.[Tomcat].[localhost].[/]       : Initializing Spring embedded WebApplicationContext
2022-05-28 20:09:52.917  INFO 4792 --- [restartedMain] w.s.c.ServletWebServerApplicationContext : Root WebApplicationContext: initialization completed in 109 ms
2022-05-28 20:09:52.966  INFO 4792 --- [restartedMain] o.s.b.d.a.OptionalLiveReloadServer       : LiveReload server is running on port 35729
2022-05-28 20:09:52.973  INFO 4792 --- [restartedMain] o.s.b.w.embedded.tomcat.TomcatWebServer  : Tomcat started on port(s): 8080 (http) with context path ''
2022-05-28 20:09:52.976  INFO 4792 --- [restartedMain] com.turing.javaee.Application            : Started Application in 0.181 seconds (JVM running for 2270.946)
2022-05-28 20:09:52.978  INFO 4792 --- [restartedMain] .ConditionEvaluationDeltaLoggingListener : Condition evaluation unchanged
2022-05-28 20:11:49.895  INFO 4792 --- [RMI TCP Connection(64)-127.0.0.1] inMXBeanRegistrar$SpringApplicationAdmin : Application shutdown requested.
2022-05-28 20:11:53.983  INFO 5506 --- [restartedMain] com.turing.javaee.Application            : Starting Application using Java 1.8.0_271 on Thets-MBP-2.lan with PID 5506 (/Users/thetkhine/Project/Turing/Java/JavaEE4thBatch/spring-boot/target/classes started by thetkhine in /Users/thetkhine/Project/Turing/Java/JavaEE4thBatch/spring-boot)
2022-05-28 20:11:53.984  INFO 5506 --- [restartedMain] com.turing.javaee.Application            : No active profile set, falling back to 1 default profile: "default"
2022-05-28 20:11:54.021  INFO 5506 --- [restartedMain] .e.DevToolsPropertyDefaultsPostProcessor : Devtools property defaults active! Set 'spring.devtools.add-properties' to 'false' to disable
2022-05-28 20:11:54.021  INFO 5506 --- [restartedMain] .e.DevToolsPropertyDefaultsPostProcessor : For additional web related logging consider setting the 'logging.level.web' property to 'DEBUG'
2022-05-28 20:11:54.817  INFO 5506 --- [restartedMain] o.s.b.w.embedded.tomcat.TomcatWebServer  : Tomcat initialized with port(s): 8080 (http)
2022-05-28 20:11:54.824  INFO 5506 --- [restartedMain] o.apache.catalina.core.StandardService   : Starting service [Tomcat]
2022-05-28 20:11:54.824  INFO 5506 --- [restartedMain] org.apache.catalina.core.StandardEngine  : Starting Servlet engine: [Apache Tomcat/9.0.62]
2022-05-28 20:11:54.867  INFO 5506 --- [restartedMain] o.a.c.c.C.[Tomcat].[localhost].[/]       : Initializing Spring embedded WebApplicationContext
2022-05-28 20:11:54.868  INFO 5506 --- [restartedMain] w.s.c.ServletWebServerApplicationContext : Root WebApplicationContext: initialization completed in 846 ms
2022-05-28 20:11:55.151  INFO 5506 --- [restartedMain] o.s.b.d.a.OptionalLiveReloadServer       : LiveReload server is running on port 35729
2022-05-28 20:11:55.180  INFO 5506 --- [restartedMain] o.s.b.w.embedded.tomcat.TomcatWebServer  : Tomcat started on port(s): 8080 (http) with context path ''
2022-05-28 20:11:55.188  INFO 5506 --- [restartedMain] com.turing.javaee.Application            : Started Application in 1.505 seconds (JVM running for 1.981)
2022-05-28 20:12:08.322  INFO 5506 --- [http-nio-8080-exec-1] o.a.c.c.C.[Tomcat].[localhost].[/]       : Initializing Spring DispatcherServlet 'dispatcherServlet'
2022-05-28 20:12:08.322  INFO 5506 --- [http-nio-8080-exec-1] o.s.web.servlet.DispatcherServlet        : Initializing Servlet 'dispatcherServlet'
2022-05-28 20:12:08.323  INFO 5506 --- [http-nio-8080-exec-1] o.s.web.servlet.DispatcherServlet        : Completed initialization in 1 ms
2022-05-28 20:12:08.343  INFO 5506 --- [http-nio-8080-exec-1] c.t.javaee.controller.BookController     : books controller
2022-05-28 20:12:49.039  INFO 5506 --- [http-nio-8080-exec-4] c.t.javaee.controller.BookController     : books controller
2022-05-28 20:13:38.832  INFO 5506 --- [http-nio-8080-exec-8] c.t.javaee.controller.BookController     : books controller
2022-05-28 20:13:57.619  INFO 5506 --- [RMI TCP Connection(10)-127.0.0.1] inMXBeanRegistrar$SpringApplicationAdmin : Application shutdown requested.
2022-05-28 20:14:01.966  INFO 5539 --- [restartedMain] com.turing.javaee.Application            : Starting Application using Java 1.8.0_271 on Thets-MBP-2.lan with PID 5539 (/Users/thetkhine/Project/Turing/Java/JavaEE4thBatch/spring-boot/target/classes started by thetkhine in /Users/thetkhine/Project/Turing/Java/JavaEE4thBatch/spring-boot)
2022-05-28 20:14:01.967  INFO 5539 --- [restartedMain] com.turing.javaee.Application            : No active profile set, falling back to 1 default profile: "default"
2022-05-28 20:14:02.000  INFO 5539 --- [restartedMain] .e.DevToolsPropertyDefaultsPostProcessor : Devtools property defaults active! Set 'spring.devtools.add-properties' to 'false' to disable
2022-05-28 20:14:02.000  INFO 5539 --- [restartedMain] .e.DevToolsPropertyDefaultsPostProcessor : For additional web related logging consider setting the 'logging.level.web' property to 'DEBUG'
2022-05-28 20:14:02.797  INFO 5539 --- [restartedMain] o.s.b.w.embedded.tomcat.TomcatWebServer  : Tomcat initialized with port(s): 8080 (http)
2022-05-28 20:14:02.802  INFO 5539 --- [restartedMain] o.apache.catalina.core.StandardService   : Starting service [Tomcat]
2022-05-28 20:14:02.802  INFO 5539 --- [restartedMain] org.apache.catalina.core.StandardEngine  : Starting Servlet engine: [Apache Tomcat/9.0.62]
2022-05-28 20:14:02.840  INFO 5539 --- [restartedMain] o.a.c.c.C.[Tomcat].[localhost].[/]       : Initializing Spring embedded WebApplicationContext
2022-05-28 20:14:02.840  INFO 5539 --- [restartedMain] w.s.c.ServletWebServerApplicationContext : Root WebApplicationContext: initialization completed in 839 ms
2022-05-28 20:14:03.094  INFO 5539 --- [restartedMain] o.s.b.d.a.OptionalLiveReloadServer       : LiveReload server is running on port 35729
2022-05-28 20:14:03.120  INFO 5539 --- [restartedMain] o.s.b.w.embedded.tomcat.TomcatWebServer  : Tomcat started on port(s): 8080 (http) with context path ''
2022-05-28 20:14:03.128  INFO 5539 --- [restartedMain] com.turing.javaee.Application            : Started Application in 1.441 seconds (JVM running for 1.901)
2022-05-28 20:14:29.560  INFO 5539 --- [http-nio-8080-exec-1] o.a.c.c.C.[Tomcat].[localhost].[/]       : Initializing Spring DispatcherServlet 'dispatcherServlet'
2022-05-28 20:14:29.561  INFO 5539 --- [http-nio-8080-exec-1] o.s.web.servlet.DispatcherServlet        : Initializing Servlet 'dispatcherServlet'
2022-05-28 20:14:29.562  INFO 5539 --- [http-nio-8080-exec-1] o.s.web.servlet.DispatcherServlet        : Completed initialization in 1 ms
2022-05-28 20:14:29.581  INFO 5539 --- [http-nio-8080-exec-1] c.t.javaee.controller.BookController     : books controller
2022-05-28 20:14:47.348  INFO 5539 --- [http-nio-8080-exec-5] c.t.javaee.controller.BookController     : books controller
2022-05-28 20:14:54.835  INFO 5539 --- [http-nio-8080-exec-10] c.t.javaee.controller.BookController     : books controller
2022-05-28 20:16:53.781  INFO 5539 --- [http-nio-8080-exec-7] c.t.javaee.controller.BookController     : books controller
2022-05-28 20:17:18.894  INFO 5539 --- [http-nio-8080-exec-2] c.t.javaee.controller.BookController     : books controller
2022-05-28 20:17:44.402  INFO 5539 --- [http-nio-8080-exec-7] c.t.javaee.controller.BookController     : books controller
2022-05-28 20:18:51.511  INFO 5539 --- [http-nio-8080-exec-3] c.t.javaee.controller.BookController     : books controller
2022-05-28 20:19:46.486  INFO 5539 --- [http-nio-8080-exec-9] c.t.javaee.controller.BookController     : books controller
2022-05-28 20:19:55.964  INFO 5539 --- [http-nio-8080-exec-3] c.t.javaee.controller.BookController     : books controller
2022-05-28 20:21:52.742  INFO 5539 --- [http-nio-8080-exec-1] c.t.javaee.controller.BookController     : books controller
2022-05-28 20:22:29.128  INFO 5539 --- [http-nio-8080-exec-6] c.t.javaee.controller.BookController     : books controller
2022-05-28 20:23:14.086  INFO 5539 --- [http-nio-8080-exec-1] c.t.javaee.controller.BookController     : books controller
2022-05-28 20:24:07.439  INFO 5539 --- [http-nio-8080-exec-6] c.t.javaee.controller.BookController     : books post controller
2022-05-28 20:24:07.440  INFO 5539 --- [http-nio-8080-exec-6] c.t.javaee.controller.BookController     : Book title Java Year null Author 
2022-05-28 20:24:07.440  INFO 5539 --- [http-nio-8080-exec-6] c.t.javaee.controller.BookController     : books post controller have error 2
2022-05-28 20:24:51.179  INFO 5539 --- [http-nio-8080-exec-1] c.t.javaee.controller.BookController     : books post controller
2022-05-28 20:24:51.179  INFO 5539 --- [http-nio-8080-exec-1] c.t.javaee.controller.BookController     : Book title Java Year null Author 
2022-05-28 20:24:51.179  INFO 5539 --- [http-nio-8080-exec-1] c.t.javaee.controller.BookController     : books post controller have error 2
2022-05-28 20:25:20.860  INFO 5539 --- [http-nio-8080-exec-6] c.t.javaee.controller.BookController     : books post controller
2022-05-28 20:25:20.861  INFO 5539 --- [http-nio-8080-exec-6] c.t.javaee.controller.BookController     : Book title Java Year null Author 
2022-05-28 20:25:20.861  INFO 5539 --- [http-nio-8080-exec-6] c.t.javaee.controller.BookController     : books post controller have error 2
